#
# There is insufficient memory for the Java Runtime Environment to continue.
# Native memory allocation (malloc) failed to allocate 1048576 bytes. Error detail: AllocateHeap
# Possible reasons:
#   The system is out of physical RAM or swap space
#   This process is running with CompressedOops enabled, and the Java Heap may be blocking the growth of the native heap
# Possible solutions:
#   Reduce memory load on the system
#   Increase physical memory or swap space
#   Check if swap backing store is full
#   Decrease Java heap size (-Xmx/-Xms)
#   Decrease number of Java threads
#   Decrease Java thread stack sizes (-Xss)
#   Set larger code cache with -XX:ReservedCodeCacheSize=
#   JVM is running with Unscaled Compressed Oops mode in which the Java heap is
#     placed in the first 4GB address space. The Java Heap base address is the
#     maximum limit for the native heap growth. Please use -XX:HeapBaseMinAddress
#     to set the Java Heap base and to place the Java Heap above 4GB virtual address.
# This output file may be truncated or incomplete.
#
#  Out of Memory Error (allocation.cpp:44), pid=22324, tid=9624
#
# JRE version: OpenJDK Runtime Environment Temurin-21.0.10+7 (21.0.10+7) (build 21.0.10+7-LTS)
# Java VM: OpenJDK 64-Bit Server VM Temurin-21.0.10+7 (21.0.10+7-LTS, mixed mode, sharing, tiered, compressed oops, compressed class ptrs, parallel gc, windows-amd64)
# No core dump will be written. Minidumps are not enabled by default on client versions of Windows
#

---------------  S U M M A R Y ------------

Command Line: --add-modules=ALL-SYSTEM --add-opens=java.base/java.util=ALL-UNNAMED --add-opens=java.base/java.lang=ALL-UNNAMED --add-opens=java.base/sun.nio.fs=ALL-UNNAMED -Declipse.application=org.eclipse.jdt.ls.core.id1 -Dosgi.bundles.defaultStartLevel=4 -Declipse.product=org.eclipse.jdt.ls.core.product -Djava.import.generatesMetadataFilesAtProjectRoot=false -DDetectVMInstallationsJob.disabled=true -Dfile.encoding=utf8 -XX:+UseParallelGC -XX:GCTimeRatio=4 -XX:AdaptiveSizePolicyWeight=90 -Dsun.zip.disableMemoryMapping=true -Xmx2G -Xms100m -Xlog:disable -javaagent:c:\Users\TumRoyal\.vscode\extensions\redhat.java-1.54.0-win32-x64\lombok\lombok-1.18.39-4050.jar -XX:+HeapDumpOnOutOfMemoryError -XX:HeapDumpPath=c:\Users\TumRoyal\AppData\Roaming\Code\User\workspaceStorage\a1d5025e39fe0c65064b7965ae598c61\redhat.java -Daether.dependencyCollector.impl=bf c:\Users\TumRoyal\.vscode\extensions\redhat.java-1.54.0-win32-x64\server\plugins\org.eclipse.equinox.launcher_1.7.100.v20251111-0406.jar -configuration c:\Users\TumRoyal\AppData\Roaming\Code\User\globalStorage\redhat.java\1.54.0\config_win -data c:\Users\TumRoyal\AppData\Roaming\Code\User\workspaceStorage\a1d5025e39fe0c65064b7965ae598c61\redhat.java\jdt_ws --pipe=\\.\pipe\lsp-10fa8a2b916451b63ae47a555fcf9ffa-sock

Host: 12th Gen Intel(R) Core(TM) i7-1260P, 16 cores, 15G,  Windows 11 , 64 bit Build 26100 (10.0.26100.8246)
Time: Tue May  5 14:12:24 2026 SE Asia Standard Time elapsed time: 11581.184103 seconds (0d 3h 13m 1s)

---------------  T H R E A D  ---------------

Current thread (0x0000029251ab0450):  JavaThread "Attach Listener" daemon [_thread_in_vm, id=9624, stack(0x000000cadb100000,0x000000cadb200000) (1024K)]

Stack: [0x000000cadb100000,0x000000cadb200000]
Native frames: (J=compiled Java code, j=interpreted, Vv=VM code, C=native code)
V  [jvm.dll+0x6d7a39]
V  [jvm.dll+0x8b4b26]
V  [jvm.dll+0x8b70de]
V  [jvm.dll+0x8b77c3]
V  [jvm.dll+0x284346]
V  [jvm.dll+0xc1277]
V  [jvm.dll+0x6d82e9]
V  [jvm.dll+0x1334a6]
V  [jvm.dll+0x3f857e]
V  [jvm.dll+0x85f59d]
V  [jvm.dll+0x6d626d]
C  [ucrtbase.dll+0x37b0]
C  [KERNEL32.DLL+0x2e8d7]
C  [ntdll.dll+0x8c3fc]


---------------  P R O C E S S  ---------------

Threads class SMR info:
_java_thread_list=0x000002929ddc1e70, length=42, elements={
0x000002923b021aa0, 0x000002923b0c9500, 0x000002923b0ca420, 0x0000029251ab1170,
0x0000029251ab0450, 0x0000029251aafdc0, 0x0000029251ab1e90, 0x0000029251abad50,
0x0000029251abe660, 0x0000029251ab1800, 0x0000029251ab2520, 0x0000029251ab0ae0,
0x0000029251ab2bb0, 0x0000029251ab3240, 0x000002929a7b7e00, 0x000002929a7b63c0,
0x000002929a7b6a50, 0x000002929a7b70e0, 0x000002929a7b5010, 0x000002929a7b56a0,
0x000002929a7bb910, 0x000002929a7ba560, 0x000002929a7babf0, 0x000002929a7bc630,
0x000002929a7bb280, 0x000002929a7b91b0, 0x000002929ed183d0, 0x000002929ed1a4a0,
0x000002929ed17d40, 0x000002929ed18a60, 0x000002929ed19e10, 0x000002929ed1ab30,
0x000002929ed19780, 0x000002929ed190f0, 0x000002929ed176b0, 0x000002929ed1b850,
0x000002929ed1d920, 0x000002929ed1bee0, 0x000002929d00d720, 0x000002929d00c370,
0x000002929afc6c60, 0x000002929d00bce0
}

Java Threads: ( => current thread )
  0x000002923b021aa0 JavaThread "main"                              [_thread_blocked, id=27428, stack(0x000000cadaa00000,0x000000cadab00000) (1024K)]
  0x000002923b0c9500 JavaThread "Reference Handler"          daemon [_thread_blocked, id=38704, stack(0x000000cadae00000,0x000000cadaf00000) (1024K)]
  0x000002923b0ca420 JavaThread "Finalizer"                  daemon [_thread_blocked, id=17832, stack(0x000000cadaf00000,0x000000cadb000000) (1024K)]
  0x0000029251ab1170 JavaThread "Signal Dispatcher"          daemon [_thread_blocked, id=19368, stack(0x000000cadb000000,0x000000cadb100000) (1024K)]
=>0x0000029251ab0450 JavaThread "Attach Listener"            daemon [_thread_in_vm, id=9624, stack(0x000000cadb100000,0x000000cadb200000) (1024K)]
  0x0000029251aafdc0 JavaThread "Service Thread"             daemon [_thread_blocked, id=34604, stack(0x000000cadb200000,0x000000cadb300000) (1024K)]
  0x0000029251ab1e90 JavaThread "Monitor Deflation Thread"   daemon [_thread_blocked, id=40292, stack(0x000000cadb300000,0x000000cadb400000) (1024K)]
  0x0000029251abad50 JavaThread "C2 CompilerThread0"         daemon [_thread_blocked, id=26288, stack(0x000000cadb400000,0x000000cadb500000) (1024K)]
  0x0000029251abe660 JavaThread "C1 CompilerThread0"         daemon [_thread_blocked, id=34956, stack(0x000000cadb500000,0x000000cadb600000) (1024K)]
  0x0000029251ab1800 JavaThread "Common-Cleaner"             daemon [_thread_blocked, id=23904, stack(0x000000cadb800000,0x000000cadb900000) (1024K)]
  0x0000029251ab2520 JavaThread "Notification Thread"        daemon [_thread_blocked, id=4664, stack(0x000000cadbc00000,0x000000cadbd00000) (1024K)]
  0x0000029251ab0ae0 JavaThread "Active Thread: Equinox Container: eb4408e5-78dd-4667-ab26-396a91ad8a35"        [_thread_blocked, id=39688, stack(0x000000cadc400000,0x000000cadc500000) (1024K)]
  0x0000029251ab2bb0 JavaThread "Refresh Thread: Equinox Container: eb4408e5-78dd-4667-ab26-396a91ad8a35" daemon [_thread_blocked, id=34252, stack(0x000000cadb700000,0x000000cadb800000) (1024K)]
  0x0000029251ab3240 JavaThread "Framework Event Dispatcher: Equinox Container: eb4408e5-78dd-4667-ab26-396a91ad8a35" daemon [_thread_blocked, id=35572, stack(0x000000cadb900000,0x000000cadba00000) (1024K)]
  0x000002929a7b7e00 JavaThread "Start Level: Equinox Container: eb4408e5-78dd-4667-ab26-396a91ad8a35" daemon [_thread_blocked, id=11360, stack(0x000000cadba00000,0x000000cadbb00000) (1024K)]
  0x000002929a7b63c0 JavaThread "Bundle File Closer"         daemon [_thread_blocked, id=17588, stack(0x000000cadc600000,0x000000cadc700000) (1024K)]
  0x000002929a7b6a50 JavaThread "SCR Component Actor"        daemon [_thread_blocked, id=24360, stack(0x000000cadcb00000,0x000000cadcc00000) (1024K)]
  0x000002929a7b70e0 JavaThread "Worker-JM"                         [_thread_blocked, id=17888, stack(0x000000cadcd00000,0x000000cadce00000) (1024K)]
  0x000002929a7b5010 JavaThread "JNA Cleaner"                daemon [_thread_blocked, id=39312, stack(0x000000cadcc00000,0x000000cadcd00000) (1024K)]
  0x000002929a7b56a0 JavaThread "Java indexing"              daemon [_thread_blocked, id=12988, stack(0x000000cadd300000,0x000000cadd400000) (1024K)]
  0x000002929a7bb910 JavaThread "Thread-1"                   daemon [_thread_in_native, id=36948, stack(0x000000caddb00000,0x000000caddc00000) (1024K)]
  0x000002929a7ba560 JavaThread "Thread-2"                   daemon [_thread_in_native, id=13628, stack(0x000000caddc00000,0x000000caddd00000) (1024K)]
  0x000002929a7babf0 JavaThread "Thread-3"                   daemon [_thread_in_native, id=8684, stack(0x000000caddd00000,0x000000cadde00000) (1024K)]
  0x000002929a7bc630 JavaThread "Thread-4"                   daemon [_thread_in_native, id=19016, stack(0x000000cadde00000,0x000000caddf00000) (1024K)]
  0x000002929a7bb280 JavaThread "Thread-5"                   daemon [_thread_in_native, id=4144, stack(0x000000caddf00000,0x000000cade000000) (1024K)]
  0x000002929a7b91b0 JavaThread "Thread-6"                   daemon [_thread_in_native, id=3456, stack(0x000000cade000000,0x000000cade100000) (1024K)]
  0x000002929ed183d0 JavaThread "Thread-7"                   daemon [_thread_in_native, id=16348, stack(0x000000cade100000,0x000000cade200000) (1024K)]
  0x000002929ed1a4a0 JavaThread "Thread-8"                   daemon [_thread_in_native, id=16252, stack(0x000000cade200000,0x000000cade300000) (1024K)]
  0x000002929ed17d40 JavaThread "Thread-9"                   daemon [_thread_in_native, id=27932, stack(0x000000cade300000,0x000000cade400000) (1024K)]
  0x000002929ed18a60 JavaThread "Thread-10"                  daemon [_thread_in_native, id=22420, stack(0x000000cade400000,0x000000cade500000) (1024K)]
  0x000002929ed19e10 JavaThread "Thread-11"                  daemon [_thread_in_native, id=37152, stack(0x000000cade500000,0x000000cade600000) (1024K)]
  0x000002929ed1ab30 JavaThread "Thread-12"                  daemon [_thread_in_native, id=20236, stack(0x000000cade600000,0x000000cade700000) (1024K)]
  0x000002929ed19780 JavaThread "Thread-13"                  daemon [_thread_in_native, id=34676, stack(0x000000cade700000,0x000000cade800000) (1024K)]
  0x000002929ed190f0 JavaThread "Thread-14"                  daemon [_thread_in_native, id=38304, stack(0x000000cade800000,0x000000cade900000) (1024K)]
  0x000002929ed176b0 JavaThread "Thread-15"                  daemon [_thread_in_native, id=14648, stack(0x000000cade900000,0x000000cadea00000) (1024K)]
  0x000002929ed1b850 JavaThread "Thread-16"                  daemon [_thread_in_native, id=12668, stack(0x000000cadea00000,0x000000cadeb00000) (1024K)]
  0x000002929ed1d920 JavaThread "Thread-17"                  daemon [_thread_in_native, id=29664, stack(0x000000cadeb00000,0x000000cadec00000) (1024K)]
  0x000002929ed1bee0 JavaThread "pool-2-thread-1"                   [_thread_blocked, id=36536, stack(0x000000cadec00000,0x000000caded00000) (1024K)]
  0x000002929d00d720 JavaThread "WorkspaceEventsHandler"            [_thread_blocked, id=19168, stack(0x000000cadfd00000,0x000000cadfe00000) (1024K)]
  0x000002929d00c370 JavaThread "pool-1-thread-1"                   [_thread_blocked, id=11256, stack(0x000000cadfe00000,0x000000cadff00000) (1024K)]
  0x000002929afc6c60 JavaThread "Worker-14"                         [_thread_blocked, id=24320, stack(0x000000cada800000,0x000000cada900000) (1024K)]
  0x000002929d00bce0 JavaThread "Worker-18"                         [_thread_blocked, id=40580, stack(0x000000cada700000,0x000000cada800000) (1024K)]
Total: 42

Other Threads:
  0x000002923b0babe0 VMThread "VM Thread"                           [id=22436, stack(0x000000cadad00000,0x000000cadae00000) (1024K)]
  0x000002925199ca00 WatcherThread "VM Periodic Task Thread"        [id=39960, stack(0x000000cadac00000,0x000000cadad00000) (1024K)]
  0x000002923b039790 WorkerThread "GC Thread#0"                     [id=35472, stack(0x000000cadab00000,0x000000cadac00000) (1024K)]
  0x000002929a60e430 WorkerThread "GC Thread#1"                     [id=35868, stack(0x000000cadbd00000,0x000000cadbe00000) (1024K)]
  0x000002929a60e7e0 WorkerThread "GC Thread#2"                     [id=7972, stack(0x000000cadbe00000,0x000000cadbf00000) (1024K)]
  0x000002929a08f910 WorkerThread "GC Thread#3"                     [id=37528, stack(0x000000cadbf00000,0x000000cadc000000) (1024K)]
  0x000002929a08fcc0 WorkerThread "GC Thread#4"                     [id=25692, stack(0x000000cadc000000,0x000000cadc100000) (1024K)]
  0x000002929a090070 WorkerThread "GC Thread#5"                     [id=35772, stack(0x000000cadc100000,0x000000cadc200000) (1024K)]
  0x000002929a090420 WorkerThread "GC Thread#6"                     [id=8196, stack(0x000000cadc200000,0x000000cadc300000) (1024K)]
  0x000002929a8ddcd0 WorkerThread "GC Thread#7"                     [id=15528, stack(0x000000cadc500000,0x000000cadc600000) (1024K)]
  0x000002929a058c60 WorkerThread "GC Thread#8"                     [id=20476, stack(0x000000cadb600000,0x000000cadb700000) (1024K)]
  0x0000029294136660 WorkerThread "GC Thread#9"                     [id=37704, stack(0x000000cadbb00000,0x000000cadbc00000) (1024K)]
  0x000002929a837130 WorkerThread "GC Thread#10"                    [id=39360, stack(0x000000cadc300000,0x000000cadc400000) (1024K)]
  0x000002929b4c0fe0 WorkerThread "GC Thread#11"                    [id=28220, stack(0x000000cadc900000,0x000000cadca00000) (1024K)]
  0x000002929b4c1af0 WorkerThread "GC Thread#12"                    [id=26100, stack(0x000000cadca00000,0x000000cadcb00000) (1024K)]
Total: 15

Threads with active compile tasks:
Total: 0

VM state: not at safepoint (normal execution)

VM Mutex/Monitor currently owned by a thread: None

Heap address: 0x0000000080000000, size: 2048 MB, Compressed Oops mode: 32-bit

CDS archive(s) mapped at: [0x0000029252000000-0x0000029252ba0000-0x0000029252ba0000), size 12189696, SharedBaseAddress: 0x0000029252000000, ArchiveRelocationMode: 1.
Compressed class space mapped at: 0x0000029253000000-0x0000029293000000, reserved size: 1073741824
Narrow klass base: 0x0000029252000000, Narrow klass shift: 0, Narrow klass range: 0x100000000

GC Precious Log:
 CardTable entry size: 512
 CPUs: 16 total, 16 available
 Memory: 16109M
 Large Page Support: Disabled
 NUMA Support: Disabled
 Compressed Oops: Enabled (32-bit)
 Alignments: Space 512K, Generation 512K, Heap 2M
 Heap Min Capacity: 100M
 Heap Initial Capacity: 100M
 Heap Max Capacity: 2G
 Pre-touch: Disabled
 Parallel Workers: 13

Heap:
 PSYoungGen      total 8192K, used 644K [0x00000000d5580000, 0x00000000d5f80000, 0x0000000100000000)
  eden space 7168K, 0% used [0x00000000d5580000,0x00000000d5589038,0x00000000d5c80000)
  from space 1024K, 59% used [0x00000000d5d80000,0x00000000d5e18020,0x00000000d5e80000)
  to   space 1024K, 0% used [0x00000000d5e80000,0x00000000d5e80000,0x00000000d5f80000)
 ParOldGen       total 216576K, used 211650K [0x0000000080000000, 0x000000008d380000, 0x00000000d5580000)
  object space 216576K, 97% used [0x0000000080000000,0x000000008ceb0b10,0x000000008d380000)
 Metaspace       used 78515K, committed 80192K, reserved 1179648K
  class space    used 7939K, committed 8704K, reserved 1048576K

Card table byte_map: [0x000002923a9b0000,0x000002923adc0000] _byte_map_base: 0x000002923a5b0000

Marking Bits: (ParMarkBitMap*) 0x00007ffd7a6a3450
 Begin Bits: [0x000002924d4c0000, 0x000002924f4c0000)
 End Bits:   [0x000002924f4c0000, 0x00000292514c0000)

Polling page: 0x0000029239260000

Metaspace:

Usage:
  Non-class:     68.92 MB used.
      Class:      7.75 MB used.
       Both:     76.68 MB used.

Virtual space:
  Non-class space:      128.00 MB reserved,      69.81 MB ( 55%) committed,  2 nodes.
      Class space:        1.00 GB reserved,       8.50 MB ( <1%) committed,  1 nodes.
             Both:        1.12 GB reserved,      78.31 MB (  7%) committed. 

Chunk freelists:
   Non-Class:  9.75 MB
       Class:  7.47 MB
        Both:  17.22 MB

MaxMetaspaceSize: unlimited
CompressedClassSpaceSize: 1.00 GB
Initial GC threshold: 21.00 MB
Current GC threshold: 126.88 MB
CDS: on
 - commit_granule_bytes: 65536.
 - commit_granule_words: 8192.
 - virtual_space_node_default_size: 8388608.
 - enlarge_chunks_in_place: 1.
 - use_allocation_guard: 0.


Internal statistics:

num_allocs_failed_limit: 11.
num_arena_births: 1528.
num_arena_deaths: 26.
num_vsnodes_births: 3.
num_vsnodes_deaths: 0.
num_space_committed: 1253.
num_space_uncommitted: 0.
num_chunks_returned_to_freelist: 42.
num_chunks_taken_from_freelist: 5305.
num_chunk_merges: 13.
num_chunk_splits: 3138.
num_chunks_enlarged: 1656.
num_inconsistent_stats: 0.

CodeHeap 'non-profiled nmethods': size=119168Kb used=16518Kb max_used=16518Kb free=102649Kb
 bounds [0x0000029245db0000, 0x0000029246de0000, 0x000002924d210000]
CodeHeap 'profiled nmethods': size=119104Kb used=43722Kb max_used=43722Kb free=75381Kb
 bounds [0x000002923e210000, 0x0000029240cd0000, 0x0000029245660000]
CodeHeap 'non-nmethods': size=7488Kb used=1495Kb max_used=3300Kb free=5992Kb
 bounds [0x0000029245660000, 0x00000292459b0000, 0x0000029245db0000]
CodeCache: size=245760Kb, used=61735Kb, max_used=63540Kb, free=184022Kb
 total_blobs=18015, nmethods=17206, adapters=712, full_count=0
Compilation: enabled, stopped_count=0, restarted_count=0

Compilation events (20 events):
Event: 10584.755 Thread 0x0000029251abe660 19134       3       java.io.ObjectOutputStream::writeTypeString (40 bytes)
Event: 10584.755 Thread 0x0000029251abad50 19135       4       java.io.ObjectOutputStream$BlockDataOutputStream::setBlockDataMode (35 bytes)
Event: 10584.756 Thread 0x0000029251abe660 nmethod 19134 0x0000029240cc0790 code [0x0000029240cc09a0, 0x0000029240cc0da0]
Event: 10584.786 Thread 0x0000029251abad50 nmethod 19135 0x0000029246dcd890 code [0x0000029246dcdae0, 0x0000029246dce3b0]
Event: 10584.786 Thread 0x0000029251abad50 19136       4       java.io.ObjectOutputStream$HandleTable::assign (52 bytes)
Event: 10584.790 Thread 0x0000029251abad50 nmethod 19136 0x0000029246dcec10 code [0x0000029246dcede0, 0x0000029246dcf120]
Event: 10584.920 Thread 0x0000029251abad50 19137       4       org.eclipse.core.internal.events.ResourceComparator::compare (383 bytes)
Event: 10584.944 Thread 0x0000029251abad50 nmethod 19137 0x0000029246dcf390 code [0x0000029246dcf5a0, 0x0000029246dcfc20]
Event: 10584.947 Thread 0x0000029251abad50 19138       4       org.eclipse.jdt.internal.core.ClasspathEntry::rootID (151 bytes)
Event: 10584.979 Thread 0x0000029251abe660 19140       1       com.sun.org.apache.xerces.internal.impl.XMLErrorReporter::setDocumentLocator (6 bytes)
Event: 10584.979 Thread 0x0000029251abe660 nmethod 19140 0x0000029246dd0090 code [0x0000029246dd0220, 0x0000029246dd0300]
Event: 10584.980 Thread 0x0000029251abad50 nmethod 19138 0x0000029246dd0390 code [0x0000029246dd05c0, 0x0000029246dd1020]
Event: 10584.980 Thread 0x0000029251abad50 19139       4       java.util.concurrent.TimeUnit::toMillis (69 bytes)
Event: 10584.982 Thread 0x0000029251abad50 nmethod 19139 0x0000029246dd1790 code [0x0000029246dd1920, 0x0000029246dd1a38]
Event: 10584.984 Thread 0x0000029251abe660 19142       3       com.sun.org.apache.xerces.internal.dom.DeferredDocumentImpl::getNodeValueString (435 bytes)
Event: 10584.985 Thread 0x0000029251abe660 nmethod 19142 0x0000029240cc0f90 code [0x0000029240cc1440, 0x0000029240cc3638]
Event: 10584.986 Thread 0x0000029251abe660 19141       3       com.sun.org.apache.xerces.internal.dom.DeferredDocumentImpl::getNodeValueString (7 bytes)
Event: 10584.986 Thread 0x0000029251abe660 nmethod 19141 0x0000029240cc4510 code [0x0000029240cc46c0, 0x0000029240cc4820]
Event: 10584.992 Thread 0x0000029251abe660 19143       3       java.io.PrintWriter::<init> (7 bytes)
Event: 10584.993 Thread 0x0000029251abe660 nmethod 19143 0x0000029240cc4910 code [0x0000029240cc4ac0, 0x0000029240cc4c00]

GC Heap History (20 events):
Event: 10285.175 GC heap before
{Heap before GC invocations=262 (full 4):
 PSYoungGen      total 12288K, used 11866K [0x00000000d5580000, 0x00000000d6780000, 0x0000000100000000)
  eden space 7168K, 100% used [0x00000000d5580000,0x00000000d5c80000,0x00000000d5c80000)
  from space 5120K, 91% used [0x00000000d6000000,0x00000000d6496920,0x00000000d6500000)
  to   space 2560K, 0% used [0x00000000d6500000,0x00000000d6500000,0x00000000d6780000)
 ParOldGen       total 193024K, used 165695K [0x0000000080000000, 0x000000008bc80000, 0x00000000d5580000)
  object space 193024K, 85% used [0x0000000080000000,0x000000008a1cfd60,0x000000008bc80000)
 Metaspace       used 78314K, committed 80064K, reserved 1179648K
  class space    used 7935K, committed 8704K, reserved 1048576K
}
Event: 10285.184 GC heap after
{Heap after GC invocations=262 (full 4):
 PSYoungGen      total 9728K, used 2536K [0x00000000d5580000, 0x00000000d6c80000, 0x0000000100000000)
  eden space 7168K, 0% used [0x00000000d5580000,0x00000000d5580000,0x00000000d5c80000)
  from space 2560K, 99% used [0x00000000d6500000,0x00000000d677a000,0x00000000d6780000)
  to   space 8192K, 0% used [0x00000000d5c80000,0x00000000d5c80000,0x00000000d6480000)
 ParOldGen       total 193024K, used 170494K [0x0000000080000000, 0x000000008bc80000, 0x00000000d5580000)
  object space 193024K, 88% used [0x0000000080000000,0x000000008a67fba0,0x000000008bc80000)
 Metaspace       used 78314K, committed 80064K, reserved 1179648K
  class space    used 7935K, committed 8704K, reserved 1048576K
}
Event: 10285.248 GC heap before
{Heap before GC invocations=263 (full 4):
 PSYoungGen      total 9728K, used 9704K [0x00000000d5580000, 0x00000000d6c80000, 0x0000000100000000)
  eden space 7168K, 100% used [0x00000000d5580000,0x00000000d5c80000,0x00000000d5c80000)
  from space 2560K, 99% used [0x00000000d6500000,0x00000000d677a000,0x00000000d6780000)
  to   space 8192K, 0% used [0x00000000d5c80000,0x00000000d5c80000,0x00000000d6480000)
 ParOldGen       total 193024K, used 170494K [0x0000000080000000, 0x000000008bc80000, 0x00000000d5580000)
  object space 193024K, 88% used [0x0000000080000000,0x000000008a67fba0,0x000000008bc80000)
 Metaspace       used 78324K, committed 80064K, reserved 1179648K
  class space    used 7935K, committed 8704K, reserved 1048576K
}
Event: 10285.253 GC heap after
{Heap after GC invocations=263 (full 4):
 PSYoungGen      total 9728K, used 2420K [0x00000000d5580000, 0x00000000d6580000, 0x0000000100000000)
  eden space 7168K, 0% used [0x00000000d5580000,0x00000000d5580000,0x00000000d5c80000)
  from space 2560K, 94% used [0x00000000d5c80000,0x00000000d5edd210,0x00000000d5f00000)
  to   space 4608K, 0% used [0x00000000d6100000,0x00000000d6100000,0x00000000d6580000)
 ParOldGen       total 193024K, used 172718K [0x0000000080000000, 0x000000008bc80000, 0x00000000d5580000)
  object space 193024K, 89% used [0x0000000080000000,0x000000008a8abba0,0x000000008bc80000)
 Metaspace       used 78324K, committed 80064K, reserved 1179648K
  class space    used 7935K, committed 8704K, reserved 1048576K
}
Event: 10285.352 GC heap before
{Heap before GC invocations=264 (full 4):
 PSYoungGen      total 9728K, used 9588K [0x00000000d5580000, 0x00000000d6580000, 0x0000000100000000)
  eden space 7168K, 100% used [0x00000000d5580000,0x00000000d5c80000,0x00000000d5c80000)
  from space 2560K, 94% used [0x00000000d5c80000,0x00000000d5edd210,0x00000000d5f00000)
  to   space 4608K, 0% used [0x00000000d6100000,0x00000000d6100000,0x00000000d6580000)
 ParOldGen       total 193024K, used 172718K [0x0000000080000000, 0x000000008bc80000, 0x00000000d5580000)
  object space 193024K, 89% used [0x0000000080000000,0x000000008a8abba0,0x000000008bc80000)
 Metaspace       used 78339K, committed 80064K, reserved 1179648K
  class space    used 7935K, committed 8704K, reserved 1048576K
}
Event: 10285.357 GC heap after
{Heap after GC invocations=264 (full 4):
 PSYoungGen      total 8704K, used 1114K [0x00000000d5580000, 0x00000000d6280000, 0x0000000100000000)
  eden space 7168K, 0% used [0x00000000d5580000,0x00000000d5580000,0x00000000d5c80000)
  from space 1536K, 72% used [0x00000000d6100000,0x00000000d6216900,0x00000000d6280000)
  to   space 2048K, 0% used [0x00000000d5e80000,0x00000000d5e80000,0x00000000d6080000)
 ParOldGen       total 193024K, used 174923K [0x0000000080000000, 0x000000008bc80000, 0x00000000d5580000)
  object space 193024K, 90% used [0x0000000080000000,0x000000008aad2dd0,0x000000008bc80000)
 Metaspace       used 78339K, committed 80064K, reserved 1179648K
  class space    used 7935K, committed 8704K, reserved 1048576K
}
Event: 10285.402 GC heap before
{Heap before GC invocations=265 (full 4):
 PSYoungGen      total 8704K, used 8282K [0x00000000d5580000, 0x00000000d6280000, 0x0000000100000000)
  eden space 7168K, 100% used [0x00000000d5580000,0x00000000d5c80000,0x00000000d5c80000)
  from space 1536K, 72% used [0x00000000d6100000,0x00000000d6216900,0x00000000d6280000)
  to   space 2048K, 0% used [0x00000000d5e80000,0x00000000d5e80000,0x00000000d6080000)
 ParOldGen       total 193024K, used 174923K [0x0000000080000000, 0x000000008bc80000, 0x00000000d5580000)
  object space 193024K, 90% used [0x0000000080000000,0x000000008aad2dd0,0x000000008bc80000)
 Metaspace       used 78381K, committed 80128K, reserved 1179648K
  class space    used 7935K, committed 8704K, reserved 1048576K
}
Event: 10285.406 GC heap after
{Heap after GC invocations=265 (full 4):
 PSYoungGen      total 8704K, used 1247K [0x00000000d5580000, 0x00000000d6180000, 0x0000000100000000)
  eden space 7168K, 0% used [0x00000000d5580000,0x00000000d5580000,0x00000000d5c80000)
  from space 1536K, 81% used [0x00000000d5e80000,0x00000000d5fb7e18,0x00000000d6000000)
  to   space 1536K, 0% used [0x00000000d6000000,0x00000000d6000000,0x00000000d6180000)
 ParOldGen       total 193024K, used 175912K [0x0000000080000000, 0x000000008bc80000, 0x00000000d5580000)
  object space 193024K, 91% used [0x0000000080000000,0x000000008abca000,0x000000008bc80000)
 Metaspace       used 78381K, committed 80128K, reserved 1179648K
  class space    used 7935K, committed 8704K, reserved 1048576K
}
Event: 10285.442 GC heap before
{Heap before GC invocations=266 (full 4):
 PSYoungGen      total 8704K, used 8415K [0x00000000d5580000, 0x00000000d6180000, 0x0000000100000000)
  eden space 7168K, 100% used [0x00000000d5580000,0x00000000d5c80000,0x00000000d5c80000)
  from space 1536K, 81% used [0x00000000d5e80000,0x00000000d5fb7e18,0x00000000d6000000)
  to   space 1536K, 0% used [0x00000000d6000000,0x00000000d6000000,0x00000000d6180000)
 ParOldGen       total 193024K, used 175912K [0x0000000080000000, 0x000000008bc80000, 0x00000000d5580000)
  object space 193024K, 91% used [0x0000000080000000,0x000000008abca000,0x000000008bc80000)
 Metaspace       used 78393K, committed 80128K, reserved 1179648K
  class space    used 7937K, committed 8704K, reserved 1048576K
}
Event: 10285.444 GC heap after
{Heap after GC invocations=266 (full 4):
 PSYoungGen      total 8192K, used 768K [0x00000000d5580000, 0x00000000d6100000, 0x0000000100000000)
  eden space 7168K, 0% used [0x00000000d5580000,0x00000000d5580000,0x00000000d5c80000)
  from space 1024K, 75% used [0x00000000d6000000,0x00000000d60c0000,0x00000000d6100000)
  to   space 1024K, 0% used [0x00000000d5f00000,0x00000000d5f00000,0x00000000d6000000)
 ParOldGen       total 193024K, used 177015K [0x0000000080000000, 0x000000008bc80000, 0x00000000d5580000)
  object space 193024K, 91% used [0x0000000080000000,0x000000008acdddd0,0x000000008bc80000)
 Metaspace       used 78393K, committed 80128K, reserved 1179648K
  class space    used 7937K, committed 8704K, reserved 1048576K
}
Event: 10285.475 GC heap before
{Heap before GC invocations=267 (full 4):
 PSYoungGen      total 8192K, used 7936K [0x00000000d5580000, 0x00000000d6100000, 0x0000000100000000)
  eden space 7168K, 100% used [0x00000000d5580000,0x00000000d5c80000,0x00000000d5c80000)
  from space 1024K, 75% used [0x00000000d6000000,0x00000000d60c0000,0x00000000d6100000)
  to   space 1024K, 0% used [0x00000000d5f00000,0x00000000d5f00000,0x00000000d6000000)
 ParOldGen       total 193024K, used 177015K [0x0000000080000000, 0x000000008bc80000, 0x00000000d5580000)
  object space 193024K, 91% used [0x0000000080000000,0x000000008acdddd0,0x000000008bc80000)
 Metaspace       used 78403K, committed 80128K, reserved 1179648K
  class space    used 7937K, committed 8704K, reserved 1048576K
}
Event: 10285.477 GC heap after
{Heap after GC invocations=267 (full 4):
 PSYoungGen      total 8192K, used 1001K [0x00000000d5580000, 0x00000000d6080000, 0x0000000100000000)
  eden space 7168K, 0% used [0x00000000d5580000,0x00000000d5580000,0x00000000d5c80000)
  from space 1024K, 97% used [0x00000000d5f00000,0x00000000d5ffa420,0x00000000d6000000)
  to   space 512K, 0% used [0x00000000d6000000,0x00000000d6000000,0x00000000d6080000)
 ParOldGen       total 193024K, used 177543K [0x0000000080000000, 0x000000008bc80000, 0x00000000d5580000)
  object space 193024K, 91% used [0x0000000080000000,0x000000008ad61dd0,0x000000008bc80000)
 Metaspace       used 78403K, committed 80128K, reserved 1179648K
  class space    used 7937K, committed 8704K, reserved 1048576K
}
Event: 10285.494 GC heap before
{Heap before GC invocations=268 (full 4):
 PSYoungGen      total 8192K, used 8169K [0x00000000d5580000, 0x00000000d6080000, 0x0000000100000000)
  eden space 7168K, 100% used [0x00000000d5580000,0x00000000d5c80000,0x00000000d5c80000)
  from space 1024K, 97% used [0x00000000d5f00000,0x00000000d5ffa420,0x00000000d6000000)
  to   space 512K, 0% used [0x00000000d6000000,0x00000000d6000000,0x00000000d6080000)
 ParOldGen       total 193024K, used 177543K [0x0000000080000000, 0x000000008bc80000, 0x00000000d5580000)
  object space 193024K, 91% used [0x0000000080000000,0x000000008ad61dd0,0x000000008bc80000)
 Metaspace       used 78405K, committed 80128K, reserved 1179648K
  class space    used 7937K, committed 8704K, reserved 1048576K
}
Event: 10285.497 GC heap after
{Heap after GC invocations=268 (full 4):
 PSYoungGen      total 7680K, used 512K [0x00000000d5580000, 0x00000000d6080000, 0x0000000100000000)
  eden space 7168K, 0% used [0x00000000d5580000,0x00000000d5580000,0x00000000d5c80000)
  from space 512K, 100% used [0x00000000d6000000,0x00000000d6080000,0x00000000d6080000)
  to   space 2048K, 0% used [0x00000000d5c80000,0x00000000d5c80000,0x00000000d5e80000)
 ParOldGen       total 193024K, used 178850K [0x0000000080000000, 0x000000008bc80000, 0x00000000d5580000)
  object space 193024K, 92% used [0x0000000080000000,0x000000008aea8bc0,0x000000008bc80000)
 Metaspace       used 78405K, committed 80128K, reserved 1179648K
  class space    used 7937K, committed 8704K, reserved 1048576K
}
Event: 10285.525 GC heap before
{Heap before GC invocations=269 (full 4):
 PSYoungGen      total 7680K, used 7680K [0x00000000d5580000, 0x00000000d6080000, 0x0000000100000000)
  eden space 7168K, 100% used [0x00000000d5580000,0x00000000d5c80000,0x00000000d5c80000)
  from space 512K, 100% used [0x00000000d6000000,0x00000000d6080000,0x00000000d6080000)
  to   space 2048K, 0% used [0x00000000d5c80000,0x00000000d5c80000,0x00000000d5e80000)
 ParOldGen       total 193024K, used 178850K [0x0000000080000000, 0x000000008bc80000, 0x00000000d5580000)
  object space 193024K, 92% used [0x0000000080000000,0x000000008aea8bc0,0x000000008bc80000)
 Metaspace       used 78416K, committed 80128K, reserved 1179648K
  class space    used 7937K, committed 8704K, reserved 1048576K
}
Event: 10285.527 GC heap after
{Heap after GC invocations=269 (full 4):
 PSYoungGen      total 9216K, used 1332K [0x00000000d5580000, 0x00000000d6080000, 0x0000000100000000)
  eden space 7168K, 0% used [0x00000000d5580000,0x00000000d5580000,0x00000000d5c80000)
  from space 2048K, 65% used [0x00000000d5c80000,0x00000000d5dcd200,0x00000000d5e80000)
  to   space 1536K, 0% used [0x00000000d5f00000,0x00000000d5f00000,0x00000000d6080000)
 ParOldGen       total 193024K, used 179398K [0x0000000080000000, 0x000000008bc80000, 0x00000000d5580000)
  object space 193024K, 92% used [0x0000000080000000,0x000000008af31ac0,0x000000008bc80000)
 Metaspace       used 78416K, committed 80128K, reserved 1179648K
  class space    used 7937K, committed 8704K, reserved 1048576K
}
Event: 10285.854 GC heap before
{Heap before GC invocations=270 (full 4):
 PSYoungGen      total 9216K, used 8500K [0x00000000d5580000, 0x00000000d6080000, 0x0000000100000000)
  eden space 7168K, 100% used [0x00000000d5580000,0x00000000d5c80000,0x00000000d5c80000)
  from space 2048K, 65% used [0x00000000d5c80000,0x00000000d5dcd200,0x00000000d5e80000)
  to   space 1536K, 0% used [0x00000000d5f00000,0x00000000d5f00000,0x00000000d6080000)
 ParOldGen       total 216576K, used 210118K [0x0000000080000000, 0x000000008d380000, 0x00000000d5580000)
  object space 216576K, 97% used [0x0000000080000000,0x000000008cd31af0,0x000000008d380000)
 Metaspace       used 78493K, committed 80192K, reserved 1179648K
  class space    used 7939K, committed 8704K, reserved 1048576K
}
Event: 10285.856 GC heap after
{Heap after GC invocations=270 (full 4):
 PSYoungGen      total 8704K, used 1088K [0x00000000d5580000, 0x00000000d6080000, 0x0000000100000000)
  eden space 7168K, 0% used [0x00000000d5580000,0x00000000d5580000,0x00000000d5c80000)
  from space 1536K, 70% used [0x00000000d5f00000,0x00000000d6010000,0x00000000d6080000)
  to   space 1536K, 0% used [0x00000000d5d80000,0x00000000d5d80000,0x00000000d5f00000)
 ParOldGen       total 216576K, used 210870K [0x0000000080000000, 0x000000008d380000, 0x00000000d5580000)
  object space 216576K, 97% used [0x0000000080000000,0x000000008cdedb10,0x000000008d380000)
 Metaspace       used 78493K, committed 80192K, reserved 1179648K
  class space    used 7939K, committed 8704K, reserved 1048576K
}
Event: 11431.314 GC heap before
{Heap before GC invocations=271 (full 4):
 PSYoungGen      total 8704K, used 8255K [0x00000000d5580000, 0x00000000d6080000, 0x0000000100000000)
  eden space 7168K, 99% used [0x00000000d5580000,0x00000000d5c7ffe8,0x00000000d5c80000)
  from space 1536K, 70% used [0x00000000d5f00000,0x00000000d6010000,0x00000000d6080000)
  to   space 1536K, 0% used [0x00000000d5d80000,0x00000000d5d80000,0x00000000d5f00000)
 ParOldGen       total 216576K, used 210870K [0x0000000080000000, 0x000000008d380000, 0x00000000d5580000)
  object space 216576K, 97% used [0x0000000080000000,0x000000008cdedb10,0x000000008d380000)
 Metaspace       used 78515K, committed 80192K, reserved 1179648K
  class space    used 7939K, committed 8704K, reserved 1048576K
}
Event: 11431.545 GC heap after
{Heap after GC invocations=271 (full 4):
 PSYoungGen      total 8192K, used 608K [0x00000000d5580000, 0x00000000d5f80000, 0x0000000100000000)
  eden space 7168K, 0% used [0x00000000d5580000,0x00000000d5580000,0x00000000d5c80000)
  from space 1024K, 59% used [0x00000000d5d80000,0x00000000d5e18020,0x00000000d5e80000)
  to   space 1024K, 0% used [0x00000000d5e80000,0x00000000d5e80000,0x00000000d5f80000)
 ParOldGen       total 216576K, used 211650K [0x0000000080000000, 0x000000008d380000, 0x00000000d5580000)
  object space 216576K, 97% used [0x0000000080000000,0x000000008ceb0b10,0x000000008d380000)
 Metaspace       used 78515K, committed 80192K, reserved 1179648K
  class space    used 7939K, committed 8704K, reserved 1048576K
}

Dll operation events (12 events):
Event: 0.011 Loaded shared library c:\Users\TumRoyal\.vscode\extensions\redhat.java-1.54.0-win32-x64\jre\21.0.10-win32-x86_64\bin\java.dll
Event: 0.040 Loaded shared library c:\Users\TumRoyal\.vscode\extensions\redhat.java-1.54.0-win32-x64\jre\21.0.10-win32-x86_64\bin\zip.dll
Event: 0.086 Loaded shared library C:\Users\TumRoyal\.vscode\extensions\redhat.java-1.54.0-win32-x64\jre\21.0.10-win32-x86_64\bin\instrument.dll
Event: 0.089 Loaded shared library C:\Users\TumRoyal\.vscode\extensions\redhat.java-1.54.0-win32-x64\jre\21.0.10-win32-x86_64\bin\net.dll
Event: 0.091 Loaded shared library C:\Users\TumRoyal\.vscode\extensions\redhat.java-1.54.0-win32-x64\jre\21.0.10-win32-x86_64\bin\nio.dll
Event: 0.093 Loaded shared library C:\Users\TumRoyal\.vscode\extensions\redhat.java-1.54.0-win32-x64\jre\21.0.10-win32-x86_64\bin\zip.dll
Event: 0.108 Loaded shared library C:\Users\TumRoyal\.vscode\extensions\redhat.java-1.54.0-win32-x64\jre\21.0.10-win32-x86_64\bin\jimage.dll
Event: 0.170 Loaded shared library c:\Users\TumRoyal\.vscode\extensions\redhat.java-1.54.0-win32-x64\jre\21.0.10-win32-x86_64\bin\verify.dll
Event: 15.699 Loaded shared library C:\Users\TumRoyal\AppData\Roaming\Code\User\globalStorage\redhat.java\1.54.0\config_win\org.eclipse.equinox.launcher\org.eclipse.equinox.launcher.win32.win32.x86_64_1.3.0.v20260203-2149\eclipse_11919.dll
Event: 44.341 Loaded shared library C:\Users\TumRoyal\AppData\Local\Temp\jna-30660731\jna7186338429502754899.dll
Event: 49.861 Loaded shared library C:\Users\TumRoyal\.vscode\extensions\redhat.java-1.54.0-win32-x64\jre\21.0.10-win32-x86_64\bin\sunmscapi.dll
Event: 50.392 Loaded shared library C:\Users\TumRoyal\.vscode\extensions\redhat.java-1.54.0-win32-x64\jre\21.0.10-win32-x86_64\bin\extnet.dll

Deoptimization events (20 events):
Event: 10285.857 Thread 0x000002929afc8010 Uncommon trap: trap_request=0xffffffde fr.pc=0x0000029246a1422c relative=0x000000000000008c
Event: 10285.857 Thread 0x000002929afc8010 Uncommon trap: reason=class_check action=maybe_recompile pc=0x0000029246a1422c method=java.util.AbstractList.add(Ljava/lang/Object;)Z @ 2 c2
Event: 10285.857 Thread 0x000002929afc8010 DEOPT PACKING pc=0x0000029246a1422c sp=0x000000cada7fdfe0
Event: 10285.857 Thread 0x000002929afc8010 DEOPT UNPACKING pc=0x00000292456b3aa2 sp=0x000000cada7fdf68 mode 2
Event: 10285.857 Thread 0x000002929afc8010 Uncommon trap: trap_request=0xffffffde fr.pc=0x0000029246a1422c relative=0x000000000000008c
Event: 10285.857 Thread 0x000002929afc8010 Uncommon trap: reason=class_check action=maybe_recompile pc=0x0000029246a1422c method=java.util.AbstractList.add(Ljava/lang/Object;)Z @ 2 c2
Event: 10285.857 Thread 0x000002929afc8010 DEOPT PACKING pc=0x0000029246a1422c sp=0x000000cada7fdfe0
Event: 10285.857 Thread 0x000002929afc8010 DEOPT UNPACKING pc=0x00000292456b3aa2 sp=0x000000cada7fdf68 mode 2
Event: 10285.857 Thread 0x000002929afc8010 Uncommon trap: trap_request=0xffffffde fr.pc=0x0000029246a1422c relative=0x000000000000008c
Event: 10285.858 Thread 0x000002929afc8010 Uncommon trap: reason=class_check action=maybe_recompile pc=0x0000029246a1422c method=java.util.AbstractList.add(Ljava/lang/Object;)Z @ 2 c2
Event: 10285.858 Thread 0x000002929afc8010 DEOPT PACKING pc=0x0000029246a1422c sp=0x000000cada7fdfe0
Event: 10285.858 Thread 0x000002929afc8010 DEOPT UNPACKING pc=0x00000292456b3aa2 sp=0x000000cada7fdf68 mode 2
Event: 10285.858 Thread 0x000002929afc8010 Uncommon trap: trap_request=0xffffffde fr.pc=0x0000029246a1422c relative=0x000000000000008c
Event: 10285.858 Thread 0x000002929afc8010 Uncommon trap: reason=class_check action=maybe_recompile pc=0x0000029246a1422c method=java.util.AbstractList.add(Ljava/lang/Object;)Z @ 2 c2
Event: 10285.858 Thread 0x000002929afc8010 DEOPT PACKING pc=0x0000029246a1422c sp=0x000000cada7fdfe0
Event: 10285.858 Thread 0x000002929afc8010 DEOPT UNPACKING pc=0x00000292456b3aa2 sp=0x000000cada7fdf68 mode 2
Event: 10286.000 Thread 0x000002929afc8010 Uncommon trap: trap_request=0xffffff45 fr.pc=0x0000029245f0f0c0 relative=0x00000000000003c0
Event: 10286.000 Thread 0x000002929afc8010 Uncommon trap: reason=unstable_if action=reinterpret pc=0x0000029245f0f0c0 method=java.lang.ThreadLocal$ThreadLocalMap.set(Ljava/lang/ThreadLocal;Ljava/lang/Object;)V @ 116 c2
Event: 10286.000 Thread 0x000002929afc8010 DEOPT PACKING pc=0x0000029245f0f0c0 sp=0x000000cada7fe3a0
Event: 10286.000 Thread 0x000002929afc8010 DEOPT UNPACKING pc=0x00000292456b3aa2 sp=0x000000cada7fe268 mode 2

Classes loaded (20 events):
Event: 465.815 Loading class javax/xml/transform/TransformerConfigurationException
Event: 465.815 Loading class javax/xml/transform/TransformerConfigurationException done
Event: 465.955 Loading class java/lang/UnsupportedClassVersionError
Event: 465.955 Loading class java/lang/UnsupportedClassVersionError done
Event: 469.737 Loading class java/util/concurrent/ConcurrentHashMap$KeySpliterator
Event: 469.737 Loading class java/util/concurrent/ConcurrentHashMap$KeySpliterator done
Event: 470.797 Loading class java/util/stream/Nodes$ToArrayTask$OfRef
Event: 470.798 Loading class java/util/stream/Nodes$ToArrayTask
Event: 470.798 Loading class java/util/stream/Nodes$ToArrayTask done
Event: 470.798 Loading class java/util/stream/Nodes$ToArrayTask$OfRef done
Event: 474.052 Loading class jdk/internal/math/FDBigInteger
Event: 474.053 Loading class jdk/internal/math/FDBigInteger done
Event: 10284.953 Loading class java/util/stream/ReduceOps$5
Event: 10284.955 Loading class java/util/stream/ReduceOps$5 done
Event: 10284.955 Loading class java/util/stream/ReduceOps$CountingSink$OfRef
Event: 10284.955 Loading class java/util/stream/ReduceOps$CountingSink
Event: 10284.958 Loading class java/util/stream/ReduceOps$CountingSink done
Event: 10284.958 Loading class java/util/stream/ReduceOps$CountingSink$OfRef done
Event: 10285.002 Loading class jdk/internal/module/IllegalAccessLogger
Event: 10285.002 Loading class jdk/internal/module/IllegalAccessLogger done

Classes unloaded (13 events):
Event: 45.507 Thread 0x000002923b0babe0 Unloading class 0x00000292531aac00 'java/lang/invoke/LambdaForm$MH+0x00000292531aac00'
Event: 45.507 Thread 0x000002923b0babe0 Unloading class 0x00000292531aa800 'java/lang/invoke/LambdaForm$MH+0x00000292531aa800'
Event: 45.507 Thread 0x000002923b0babe0 Unloading class 0x00000292531aa400 'java/lang/invoke/LambdaForm$MH+0x00000292531aa400'
Event: 45.507 Thread 0x000002923b0babe0 Unloading class 0x00000292531aa000 'java/lang/invoke/LambdaForm$MH+0x00000292531aa000'
Event: 45.507 Thread 0x000002923b0babe0 Unloading class 0x00000292531a9c00 'java/lang/invoke/LambdaForm$BMH+0x00000292531a9c00'
Event: 45.507 Thread 0x000002923b0babe0 Unloading class 0x00000292531a9800 'java/lang/invoke/LambdaForm$DMH+0x00000292531a9800'
Event: 45.507 Thread 0x000002923b0babe0 Unloading class 0x00000292531a8800 'java/lang/invoke/LambdaForm$DMH+0x00000292531a8800'
Event: 69.689 Thread 0x000002923b0babe0 Unloading class 0x00000292536b9400 'java/lang/invoke/LambdaForm$DMH+0x00000292536b9400'
Event: 69.689 Thread 0x000002923b0babe0 Unloading class 0x00000292536b9000 'java/lang/invoke/LambdaForm$DMH+0x00000292536b9000'
Event: 69.689 Thread 0x000002923b0babe0 Unloading class 0x00000292536b8800 'java/lang/invoke/LambdaForm$DMH+0x00000292536b8800'
Event: 69.689 Thread 0x000002923b0babe0 Unloading class 0x00000292536b8c00 'java/lang/invoke/LambdaForm$DMH+0x00000292536b8c00'
Event: 473.007 Thread 0x000002923b0babe0 Unloading class 0x00000292537e9400 'java/lang/invoke/LambdaForm$MH+0x00000292537e9400'
Event: 473.007 Thread 0x000002923b0babe0 Unloading class 0x00000292537e8c00 'java/lang/invoke/LambdaForm$MH+0x00000292537e8c00'

Classes redefined (0 events):
No events

Internal exceptions (20 events):
Event: 472.177 Thread 0x000002929d00d720 Exception <a 'sun/nio/fs/WindowsException'{0x00000000d576bce0}> (0x00000000d576bce0) 
thrown [s\src\hotspot\share\prims\jni.cpp, line 520]
Event: 472.226 Thread 0x000002929d00d720 Exception <a 'sun/nio/fs/WindowsException'{0x00000000d5652970}> (0x00000000d5652970) 
thrown [s\src\hotspot\share\prims\jni.cpp, line 520]
Event: 472.273 Thread 0x000002929d00d720 Exception <a 'sun/nio/fs/WindowsException'{0x00000000d56100d8}> (0x00000000d56100d8) 
thrown [s\src\hotspot\share\prims\jni.cpp, line 520]
Event: 472.331 Thread 0x000002929d00d720 Exception <a 'sun/nio/fs/WindowsException'{0x00000000d5785d48}> (0x00000000d5785d48) 
thrown [s\src\hotspot\share\prims\jni.cpp, line 520]
Event: 472.383 Thread 0x000002929d00d720 Exception <a 'sun/nio/fs/WindowsException'{0x00000000d56cc450}> (0x00000000d56cc450) 
thrown [s\src\hotspot\share\prims\jni.cpp, line 520]
Event: 472.437 Thread 0x000002929d00d720 Exception <a 'sun/nio/fs/WindowsException'{0x00000000d5636b98}> (0x00000000d5636b98) 
thrown [s\src\hotspot\share\prims\jni.cpp, line 520]
Event: 472.495 Thread 0x000002929d00d720 Exception <a 'sun/nio/fs/WindowsException'{0x00000000d5593f30}> (0x00000000d5593f30) 
thrown [s\src\hotspot\share\prims\jni.cpp, line 520]
Event: 472.555 Thread 0x000002929d00d720 Exception <a 'sun/nio/fs/WindowsException'{0x00000000d57ecc18}> (0x00000000d57ecc18) 
thrown [s\src\hotspot\share\prims\jni.cpp, line 520]
Event: 472.618 Thread 0x000002929d00d720 Exception <a 'sun/nio/fs/WindowsException'{0x00000000d574a430}> (0x00000000d574a430) 
thrown [s\src\hotspot\share\prims\jni.cpp, line 520]
Event: 473.190 Thread 0x000002929d00d720 Implicit null exception at 0x00000292467b8c10 to 0x00000292467b9824
Event: 473.192 Thread 0x000002929d00d720 Implicit null exception at 0x000002924657ed4a to 0x000002924657efa0
Event: 474.741 Thread 0x000002929a7b56a0 Exception <a 'sun/nio/fs/WindowsException'{0x00000000d569e3d0}> (0x00000000d569e3d0) 
thrown [s\src\hotspot\share\prims\jni.cpp, line 520]
Event: 474.908 Thread 0x000002929a7b56a0 Exception <a 'sun/nio/fs/WindowsException'{0x00000000d5809fa0}> (0x00000000d5809fa0) 
thrown [s\src\hotspot\share\prims\jni.cpp, line 520]
Event: 541.869 Thread 0x000002929e05fc80 Implicit null exception at 0x000002924680a59a to 0x000002924680a6df
Event: 770.991 Thread 0x000002929afc65d0 Exception <a 'sun/nio/fs/WindowsException'{0x00000000d5b2c118}> (0x00000000d5b2c118) 
thrown [s\src\hotspot\share\prims\jni.cpp, line 520]
Event: 770.993 Thread 0x000002929afc65d0 Exception <a 'sun/nio/fs/WindowsException'{0x00000000d5b2ccc8}> (0x00000000d5b2ccc8) 
thrown [s\src\hotspot\share\prims\jni.cpp, line 520]
Event: 10284.750 Thread 0x000002929a7b56a0 Exception <a 'sun/nio/fs/WindowsException'{0x00000000d55b7728}> (0x00000000d55b7728) 
thrown [s\src\hotspot\share\prims\jni.cpp, line 520]
Event: 10285.342 Thread 0x000002929a7b56a0 Exception <a 'sun/nio/fs/WindowsException'{0x00000000d57c5bb8}> (0x00000000d57c5bb8) 
thrown [s\src\hotspot\share\prims\jni.cpp, line 520]
Event: 10584.710 Thread 0x000002929d00bce0 Exception <a 'sun/nio/fs/WindowsException'{0x00000000d5a9cb70}> (0x00000000d5a9cb70) 
thrown [s\src\hotspot\share\prims\jni.cpp, line 520]
Event: 10584.711 Thread 0x000002929d00bce0 Exception <a 'sun/nio/fs/WindowsException'{0x00000000d5a9d490}> (0x00000000d5a9d490) 
thrown [s\src\hotspot\share\prims\jni.cpp, line 520]

ZGC Phase Switch (0 events):
No events

VM Operations (20 events):
Event: 10584.711 Executing safepoint VM operation: Cleanup
Event: 10584.711 Executing safepoint VM operation: Cleanup done
Event: 10585.723 Executing safepoint VM operation: Cleanup
Event: 10585.723 Executing safepoint VM operation: Cleanup done
Event: 10643.720 Executing non-safepoint VM operation: HandshakeAllThreads (HandshakeForDeflation)
Event: 10643.720 Executing non-safepoint VM operation: HandshakeAllThreads (HandshakeForDeflation) done
Event: 10643.721 Executing non-safepoint VM operation: RendezvousGCThreads
Event: 10643.721 Executing non-safepoint VM operation: RendezvousGCThreads done
Event: 11431.309 Executing safepoint VM operation: ParallelGCFailedAllocation (Allocation Failure)
Event: 11431.545 Executing safepoint VM operation: ParallelGCFailedAllocation (Allocation Failure) done
Event: 11432.560 Executing safepoint VM operation: Cleanup
Event: 11432.560 Executing safepoint VM operation: Cleanup done
Event: 11475.057 Executing non-safepoint VM operation: HandshakeAllThreads (HandshakeForDeflation)
Event: 11475.057 Executing non-safepoint VM operation: HandshakeAllThreads (HandshakeForDeflation) done
Event: 11475.057 Executing non-safepoint VM operation: RendezvousGCThreads
Event: 11475.057 Executing non-safepoint VM operation: RendezvousGCThreads done
Event: 11535.093 Executing non-safepoint VM operation: HandshakeAllThreads (HandshakeForDeflation)
Event: 11535.094 Executing non-safepoint VM operation: HandshakeAllThreads (HandshakeForDeflation) done
Event: 11535.094 Executing non-safepoint VM operation: RendezvousGCThreads
Event: 11535.094 Executing non-safepoint VM operation: RendezvousGCThreads done

Memory protections (0 events):
No events

Nmethod flushes (20 events):
Event: 473.100 Thread 0x000002923b0babe0 flushing  nmethod 0x000002923f52c790
Event: 473.100 Thread 0x000002923b0babe0 flushing  nmethod 0x000002923f534b10
Event: 473.100 Thread 0x000002923b0babe0 flushing  nmethod 0x000002923f54d710
Event: 473.100 Thread 0x000002923b0babe0 flushing  nmethod 0x000002923f568b10
Event: 473.100 Thread 0x000002923b0babe0 flushing  nmethod 0x000002923f568f90
Event: 473.100 Thread 0x000002923b0babe0 flushing  nmethod 0x000002923f56a410
Event: 473.100 Thread 0x000002923b0babe0 flushing  nmethod 0x000002923f56b290
Event: 473.100 Thread 0x000002923b0babe0 flushing  nmethod 0x000002923f56e310
Event: 473.100 Thread 0x000002923b0babe0 flushing  nmethod 0x000002923f580810
Event: 473.100 Thread 0x000002923b0babe0 flushing  nmethod 0x000002923f584890
Event: 473.100 Thread 0x000002923b0babe0 flushing  nmethod 0x000002923f585710
Event: 473.100 Thread 0x000002923b0babe0 flushing  nmethod 0x000002923f586990
Event: 473.100 Thread 0x000002923b0babe0 flushing  nmethod 0x000002923f599190
Event: 473.100 Thread 0x000002923b0babe0 flushing  nmethod 0x000002923f59cb90
Event: 473.100 Thread 0x000002923b0babe0 flushing  nmethod 0x000002923f69fa90
Event: 473.100 Thread 0x000002923b0babe0 flushing  nmethod 0x000002923f6b3a10
Event: 473.100 Thread 0x000002923b0babe0 flushing  nmethod 0x000002923f721590
Event: 473.100 Thread 0x000002923b0babe0 flushing  nmethod 0x000002923f721a10
Event: 473.100 Thread 0x000002923b0babe0 flushing  nmethod 0x000002923f723110
Event: 473.100 Thread 0x000002923b0babe0 flushing  nmethod 0x000002923f727710

Events (20 events):
Event: 10346.013 Thread 0x000002929afc9a50 Thread exited: 0x000002929afc9a50
Event: 10346.013 Thread 0x000002929afc65d0 Thread exited: 0x000002929afc65d0
Event: 10346.014 Thread 0x000002929afc8010 Thread exited: 0x000002929afc8010
Event: 10403.169 Thread 0x000002929d00f160 Thread added: 0x000002929d00bce0
Event: 10405.555 Thread 0x000002929afcb490 Thread exited: 0x000002929afcb490
Event: 10463.185 Thread 0x000002929d00f160 Thread exited: 0x000002929d00f160
Event: 10465.565 Thread 0x000002929afcbb20 Thread exited: 0x000002929afcbb20
Event: 10523.187 Thread 0x000002929afca0e0 Thread exited: 0x000002929afca0e0
Event: 10525.581 Thread 0x000002929afca770 Thread exited: 0x000002929afca770
Event: 10584.688 Thread 0x000002929d00bce0 Thread added: 0x000002929d011230
Event: 10584.691 Thread 0x000002929d011230 Thread exited: 0x000002929d011230
Event: 10584.719 Thread 0x000002929d00bce0 Thread added: 0x000002929d011f50
Event: 10584.720 Thread 0x000002929d011f50 Thread added: 0x000002929d00f160
Event: 10584.721 Thread 0x000002929d011f50 Thread exited: 0x000002929d011f50
Event: 10584.721 Thread 0x000002929d00f160 Thread exited: 0x000002929d00f160
Event: 10584.870 Thread 0x000002929afcd560 Thread exited: 0x000002929afcd560
Event: 10584.901 Thread 0x000002929afc6c60 Thread added: 0x000002929d00f160
Event: 10585.087 Thread 0x000002929afcced0 Thread exited: 0x000002929afcced0
Event: 10585.095 Thread 0x000002929d00b650 Thread exited: 0x000002929d00b650
Event: 10644.918 Thread 0x000002929d00f160 Thread exited: 0x000002929d00f160


Dynamic libraries:
0x00007ff6a8d60000 - 0x00007ff6a8d6e000 	c:\Users\TumRoyal\.vscode\extensions\redhat.java-1.54.0-win32-x64\jre\21.0.10-win32-x86_64\bin\java.exe
0x00007ffe447c0000 - 0x00007ffe44a27000 	C:\WINDOWS\SYSTEM32\ntdll.dll
0x00007ffe427f0000 - 0x00007ffe428b9000 	C:\WINDOWS\System32\KERNEL32.DLL
0x00007ffe42090000 - 0x00007ffe42484000 	C:\WINDOWS\System32\KERNELBASE.dll
0x00007ffe3e150000 - 0x00007ffe3e1ef000 	C:\WINDOWS\SYSTEM32\apphelp.dll
0x00007ffe41090000 - 0x00007ffe411db000 	C:\WINDOWS\System32\ucrtbase.dll
0x00007ffe1d000000 - 0x00007ffe1d018000 	c:\Users\TumRoyal\.vscode\extensions\redhat.java-1.54.0-win32-x64\jre\21.0.10-win32-x86_64\bin\jli.dll
0x00007ffe1d3c0000 - 0x00007ffe1d3de000 	c:\Users\TumRoyal\.vscode\extensions\redhat.java-1.54.0-win32-x64\jre\21.0.10-win32-x86_64\bin\VCRUNTIME140.dll
0x00007ffe444f0000 - 0x00007ffe446b5000 	C:\WINDOWS\System32\USER32.dll
0x00007ffe26750000 - 0x00007ffe269e3000 	C:\WINDOWS\WinSxS\amd64_microsoft.windows.common-controls_6595b64144ccf1df_6.0.26100.8115_none_3e075c82e3354f9c\COMCTL32.dll
0x00007ffe42060000 - 0x00007ffe42087000 	C:\WINDOWS\System32\win32u.dll
0x00007ffe43240000 - 0x00007ffe432e9000 	C:\WINDOWS\System32\msvcrt.dll
0x00007ffe446c0000 - 0x00007ffe446eb000 	C:\WINDOWS\System32\GDI32.dll
0x00007ffe41360000 - 0x00007ffe4148b000 	C:\WINDOWS\System32\gdi32full.dll
0x00007ffe41d00000 - 0x00007ffe41da3000 	C:\WINDOWS\System32\msvcp_win.dll
0x00007ffe43b40000 - 0x00007ffe43b72000 	C:\WINDOWS\System32\IMM32.DLL
0x00007ffe239b0000 - 0x00007ffe239bc000 	c:\Users\TumRoyal\.vscode\extensions\redhat.java-1.54.0-win32-x64\jre\21.0.10-win32-x86_64\bin\vcruntime140_1.dll
0x00007ffde9f40000 - 0x00007ffde9fcd000 	c:\Users\TumRoyal\.vscode\extensions\redhat.java-1.54.0-win32-x64\jre\21.0.10-win32-x86_64\bin\msvcp140.dll
0x00007ffd799e0000 - 0x00007ffd7a781000 	c:\Users\TumRoyal\.vscode\extensions\redhat.java-1.54.0-win32-x64\jre\21.0.10-win32-x86_64\bin\server\jvm.dll
0x00007ffe43c40000 - 0x00007ffe43cf6000 	C:\WINDOWS\System32\ADVAPI32.dll
0x00007ffe43d00000 - 0x00007ffe43da7000 	C:\WINDOWS\System32\sechost.dll
0x00007ffe429b0000 - 0x00007ffe42ac8000 	C:\WINDOWS\System32\RPCRT4.dll
0x00007ffe43f10000 - 0x00007ffe43f90000 	C:\WINDOWS\System32\WS2_32.dll
0x00007ffe40ef0000 - 0x00007ffe40f4e000 	C:\WINDOWS\SYSTEM32\POWRPROF.dll
0x00007ffe2cb40000 - 0x00007ffe2cb4b000 	C:\WINDOWS\SYSTEM32\VERSION.dll
0x00007ffe36bd0000 - 0x00007ffe36c06000 	C:\WINDOWS\SYSTEM32\WINMM.dll
0x00007ffe40ed0000 - 0x00007ffe40ee4000 	C:\WINDOWS\SYSTEM32\UMPDC.dll
0x00007ffe3fe20000 - 0x00007ffe3fe3b000 	C:\WINDOWS\SYSTEM32\kernel.appcore.dll
0x00007ffe23960000 - 0x00007ffe2396a000 	c:\Users\TumRoyal\.vscode\extensions\redhat.java-1.54.0-win32-x64\jre\21.0.10-win32-x86_64\bin\jimage.dll
0x00007ffe3ec30000 - 0x00007ffe3ee72000 	C:\WINDOWS\SYSTEM32\DBGHELP.DLL
0x00007ffe435a0000 - 0x00007ffe43922000 	C:\WINDOWS\System32\combase.dll
0x00007ffe434c0000 - 0x00007ffe43598000 	C:\WINDOWS\System32\OLEAUT32.dll
0x00007ffe21ec0000 - 0x00007ffe21efb000 	C:\WINDOWS\SYSTEM32\dbgcore.DLL
0x00007ffe41f20000 - 0x00007ffe41fc5000 	C:\WINDOWS\System32\bcryptPrimitives.dll
0x00007ffe23640000 - 0x00007ffe2364f000 	c:\Users\TumRoyal\.vscode\extensions\redhat.java-1.54.0-win32-x64\jre\21.0.10-win32-x86_64\bin\instrument.dll
0x00007ffe1cf90000 - 0x00007ffe1cfb0000 	c:\Users\TumRoyal\.vscode\extensions\redhat.java-1.54.0-win32-x64\jre\21.0.10-win32-x86_64\bin\java.dll
0x00007ffe42ad0000 - 0x00007ffe43237000 	C:\WINDOWS\System32\SHELL32.dll
0x00007ffe41db0000 - 0x00007ffe41f1a000 	C:\WINDOWS\System32\wintypes.dll
0x00007ffe41490000 - 0x00007ffe41cf8000 	C:\WINDOWS\System32\windows.storage.dll
0x00007ffe432f0000 - 0x00007ffe433e8000 	C:\WINDOWS\System32\SHCORE.dll
0x00007ffe44700000 - 0x00007ffe44766000 	C:\WINDOWS\System32\shlwapi.dll
0x00007ffe40fb0000 - 0x00007ffe40fd9000 	C:\WINDOWS\SYSTEM32\profapi.dll
0x00007ffe1cf20000 - 0x00007ffe1cf38000 	c:\Users\TumRoyal\.vscode\extensions\redhat.java-1.54.0-win32-x64\jre\21.0.10-win32-x86_64\bin\zip.dll
0x00007ffe22740000 - 0x00007ffe22750000 	C:\Users\TumRoyal\.vscode\extensions\redhat.java-1.54.0-win32-x64\jre\21.0.10-win32-x86_64\bin\net.dll
0x00007ffe3aa00000 - 0x00007ffe3ab2d000 	C:\WINDOWS\SYSTEM32\WINHTTP.dll
0x00007ffe40390000 - 0x00007ffe403fc000 	C:\WINDOWS\system32\mswsock.dll
0x00007ffe1cd20000 - 0x00007ffe1cd36000 	C:\Users\TumRoyal\.vscode\extensions\redhat.java-1.54.0-win32-x64\jre\21.0.10-win32-x86_64\bin\nio.dll
0x00007ffe1d2a0000 - 0x00007ffe1d2b0000 	c:\Users\TumRoyal\.vscode\extensions\redhat.java-1.54.0-win32-x64\jre\21.0.10-win32-x86_64\bin\verify.dll
0x00007ffe17ff0000 - 0x00007ffe18035000 	C:\Users\TumRoyal\AppData\Roaming\Code\User\globalStorage\redhat.java\1.54.0\config_win\org.eclipse.equinox.launcher\org.eclipse.equinox.launcher.win32.win32.x86_64_1.3.0.v20260203-2149\eclipse_11919.dll
0x00007ffe42650000 - 0x00007ffe427e7000 	C:\WINDOWS\System32\ole32.dll
0x00007ffe40670000 - 0x00007ffe4068b000 	C:\WINDOWS\SYSTEM32\CRYPTSP.dll
0x00007ffe3fd80000 - 0x00007ffe3fdb9000 	C:\WINDOWS\system32\rsaenh.dll
0x00007ffe40440000 - 0x00007ffe40473000 	C:\WINDOWS\SYSTEM32\USERENV.dll
0x00007ffe40f80000 - 0x00007ffe40faa000 	C:\WINDOWS\SYSTEM32\bcrypt.dll
0x00007ffe40690000 - 0x00007ffe4069c000 	C:\WINDOWS\SYSTEM32\CRYPTBASE.dll
0x00007ffe3f800000 - 0x00007ffe3f832000 	C:\WINDOWS\SYSTEM32\IPHLPAPI.DLL
0x00007ffe43c30000 - 0x00007ffe43c3a000 	C:\WINDOWS\System32\NSI.dll
0x00007ffe1ad90000 - 0x00007ffe1add9000 	C:\Users\TumRoyal\AppData\Local\Temp\jna-30660731\jna7186338429502754899.dll
0x00007ffe43ba0000 - 0x00007ffe43ba8000 	C:\WINDOWS\System32\PSAPI.DLL
0x00007ffe3af10000 - 0x00007ffe3af2d000 	C:\WINDOWS\SYSTEM32\dhcpcsvc6.DLL
0x00007ffe3aee0000 - 0x00007ffe3af05000 	C:\WINDOWS\SYSTEM32\dhcpcsvc.DLL
0x00007ffe24790000 - 0x00007ffe2479e000 	C:\Users\TumRoyal\.vscode\extensions\redhat.java-1.54.0-win32-x64\jre\21.0.10-win32-x86_64\bin\sunmscapi.dll
0x00007ffe411e0000 - 0x00007ffe41357000 	C:\WINDOWS\System32\CRYPT32.dll
0x00007ffe40890000 - 0x00007ffe408c0000 	C:\WINDOWS\SYSTEM32\ncrypt.dll
0x00007ffe40840000 - 0x00007ffe4087f000 	C:\WINDOWS\SYSTEM32\NTASN1.dll
0x00007ffe3f890000 - 0x00007ffe3f9c2000 	C:\WINDOWS\SYSTEM32\DNSAPI.dll
0x00007ffe3abb0000 - 0x00007ffe3abbb000 	C:\Windows\System32\rasadhlp.dll
0x00007ffe3b260000 - 0x00007ffe3b2e6000 	C:\WINDOWS\System32\fwpuclnt.dll
0x00007ffe24780000 - 0x00007ffe24789000 	C:\Users\TumRoyal\.vscode\extensions\redhat.java-1.54.0-win32-x64\jre\21.0.10-win32-x86_64\bin\extnet.dll

JVMTI agents:
c:\Users\TumRoyal\.vscode\extensions\redhat.java-1.54.0-win32-x64\lombok\lombok-1.18.39-4050.jar path:c:\Users\TumRoyal\.vscode\extensions\redhat.java-1.54.0-win32-x64\jre\21.0.10-win32-x86_64\bin\instrument.dll, loaded, initialized, instrumentlib options:none

dbghelp: loaded successfully - version: 4.0.5 - missing functions: none
symbol engine: initialized successfully - sym options: 0x614 - pdb path: .;c:\Users\TumRoyal\.vscode\extensions\redhat.java-1.54.0-win32-x64\jre\21.0.10-win32-x86_64\bin;C:\WINDOWS\SYSTEM32;C:\WINDOWS\WinSxS\amd64_microsoft.windows.common-controls_6595b64144ccf1df_6.0.26100.8115_none_3e075c82e3354f9c;c:\Users\TumRoyal\.vscode\extensions\redhat.java-1.54.0-win32-x64\jre\21.0.10-win32-x86_64\bin\server;C:\Users\TumRoyal\AppData\Roaming\Code\User\globalStorage\redhat.java\1.54.0\config_win\org.eclipse.equinox.launcher\org.eclipse.equinox.launcher.win32.win32.x86_64_1.3.0.v20260203-2149;C:\Users\TumRoyal\AppData\Local\Temp\jna-30660731

VM Arguments:
jvm_args: --add-modules=ALL-SYSTEM --add-opens=java.base/java.util=ALL-UNNAMED --add-opens=java.base/java.lang=ALL-UNNAMED --add-opens=java.base/sun.nio.fs=ALL-UNNAMED -Declipse.application=org.eclipse.jdt.ls.core.id1 -Dosgi.bundles.defaultStartLevel=4 -Declipse.product=org.eclipse.jdt.ls.core.product -Djava.import.generatesMetadataFilesAtProjectRoot=false -DDetectVMInstallationsJob.disabled=true -Dfile.encoding=utf8 -XX:+UseParallelGC -XX:GCTimeRatio=4 -XX:AdaptiveSizePolicyWeight=90 -Dsun.zip.disableMemoryMapping=true -Xmx2G -Xms100m -Xlog:disable -javaagent:c:\Users\TumRoyal\.vscode\extensions\redhat.java-1.54.0-win32-x64\lombok\lombok-1.18.39-4050.jar -XX:+HeapDumpOnOutOfMemoryError -XX:HeapDumpPath=c:\Users\TumRoyal\AppData\Roaming\Code\User\workspaceStorage\a1d5025e39fe0c65064b7965ae598c61\redhat.java -Daether.dependencyCollector.impl=bf 
java_command: c:\Users\TumRoyal\.vscode\extensions\redhat.java-1.54.0-win32-x64\server\plugins\org.eclipse.equinox.launcher_1.7.100.v20251111-0406.jar -configuration c:\Users\TumRoyal\AppData\Roaming\Code\User\globalStorage\redhat.java\1.54.0\config_win -data c:\Users\TumRoyal\AppData\Roaming\Code\User\workspaceStorage\a1d5025e39fe0c65064b7965ae598c61\redhat.java\jdt_ws --pipe=\\.\pipe\lsp-10fa8a2b916451b63ae47a555fcf9ffa-sock
java_class_path (initial): c:\Users\TumRoyal\.vscode\extensions\redhat.java-1.54.0-win32-x64\server\plugins\org.eclipse.equinox.launcher_1.7.100.v20251111-0406.jar
Launcher Type: SUN_STANDARD

[Global flags]
    uintx AdaptiveSizePolicyWeight                 = 90                                        {product} {command line}
     intx CICompilerCount                          = 12                                        {product} {ergonomic}
    uintx GCTimeRatio                              = 4                                         {product} {command line}
     bool HeapDumpOnOutOfMemoryError               = true                                   {manageable} {command line}
    ccstr HeapDumpPath                             = c:\Users\TumRoyal\AppData\Roaming\Code\User\workspaceStorage\a1d5025e39fe0c65064b7965ae598c61\redhat.java         {manageable} {command line}
   size_t InitialHeapSize                          = 104857600                                 {product} {command line}
   size_t MaxHeapSize                              = 2147483648                                {product} {command line}
   size_t MaxNewSize                               = 715653120                                 {product} {ergonomic}
   size_t MinHeapDeltaBytes                        = 524288                                    {product} {ergonomic}
   size_t MinHeapSize                              = 104857600                                 {product} {command line}
   size_t NewSize                                  = 34603008                                  {product} {ergonomic}
    uintx NonNMethodCodeHeapSize                   = 7602480                                {pd product} {ergonomic}
    uintx NonProfiledCodeHeapSize                  = 122027880                              {pd product} {ergonomic}
   size_t OldSize                                  = 70254592                                  {product} {ergonomic}
    uintx ProfiledCodeHeapSize                     = 122027880                              {pd product} {ergonomic}
    uintx ReservedCodeCacheSize                    = 251658240                              {pd product} {ergonomic}
     bool SegmentedCodeCache                       = true                                      {product} {ergonomic}
   size_t SoftMaxHeapSize                          = 2147483648                             {manageable} {ergonomic}
     bool UseCompressedOops                        = true                           {product lp64_product} {ergonomic}
     bool UseLargePagesIndividualAllocation        = false                                  {pd product} {ergonomic}
     bool UseParallelGC                            = true                                      {product} {command line}

Logging:
Log output configuration:
 #0: stdout all=off uptime,level,tags foldmultilines=false
 #1: stderr all=off uptime,level,tags foldmultilines=false

Release file:
JAVA_VERSION="21.0.10" 
MODULES="java.base java.compiler java.datatransfer java.xml java.prefs java.desktop java.instrument java.logging java.management java.security.sasl java.naming java.rmi java.management.rmi java.net.http java.scripting java.security.jgss java.transaction.xa java.sql java.sql.rowset java.xml.crypto java.se java.smartcardio jdk.accessibility jdk.internal.jvmstat jdk.attach jdk.charsets jdk.internal.opt jdk.zipfs jdk.compiler jdk.crypto.ec jdk.crypto.cryptoki jdk.crypto.mscapi jdk.dynalink jdk.internal.ed jdk.editpad jdk.hotspot.agent jdk.httpserver jdk.internal.le jdk.internal.vm.ci jdk.internal.vm.compiler jdk.internal.vm.compiler.management jdk.jartool jdk.javadoc jdk.jcmd jdk.management jdk.management.agent jdk.jconsole jdk.jdeps jdk.jdwp.agent jdk.jdi jdk.jfr jdk.jshell jdk.jsobject jdk.jstatd jdk.localedata jdk.management.jfr jdk.naming.dns jdk.naming.rmi jdk.net jdk.nio.mapmode jdk.random jdk.sctp jdk.security.auth jdk.security.jgss jdk.unsupported jdk.unsupported.desktop jdk.xml.dom" 

Environment Variables:
JAVA_HOME=C:\Program Files\Java\jdk-21.0.10
PATH=C:\Users\TumRoyal\AppData\Local\Programs\Microsoft VS Code;C:\Program Files\Common Files\Oracle\Java\javapath;C:\WINDOWS\system32;C:\WINDOWS;C:\WINDOWS\System32\Wbem;C:\WINDOWS\System32\WindowsPowerShell\v1.0\;C:\WINDOWS\System32\OpenSSH\;C:\Users\TumRoyal\AppData\Local\Programs\Python\Python314;C:\Users\TumRoyal\AppData\Local\Programs\Python\Python314\python.exe;C:\Program Files\nodejs\;C:\Program Files\Docker\Docker\resources\bin;C:\Program Files\MySQL\MySQL Shell 8.0\bin\;C:\Users\TumRoyal\AppData\Local\Programs\Python\Launcher\;C:\Users\TumRoyal\AppData\Local\Microsoft\WindowsApps;C:\Users\TumRoyal\AppData\Local\Programs\Microsoft VS Code\bin;C:\Users\TumRoyal\AppData\Local\GitHubDesktop\bin;C:\Program Files\JetBrains\IntelliJ IDEA 2025.3.4\bin;C:\Users\TumRoyal\AppData\Roaming\npm
USERNAME=TumRoyal
OS=Windows_NT
PROCESSOR_IDENTIFIER=Intel64 Family 6 Model 154 Stepping 3, GenuineIntel
TMP=C:\Users\TumRoyal\AppData\Local\Temp
TEMP=C:\Users\TumRoyal\AppData\Local\Temp




Periodic native trim disabled

---------------  S Y S T E M  ---------------

OS:
 Windows 11 , 64 bit Build 26100 (10.0.26100.8246)
OS uptime: 13 days 23:40 hours
Hyper-V role detected

CPU: total 16 (initial active 16) (8 cores per cpu, 2 threads per core) family 6 model 154 stepping 3 microcode 0x42c, cx8, cmov, fxsr, ht, mmx, 3dnowpref, sse, sse2, sse3, ssse3, sse4.1, sse4.2, popcnt, lzcnt, tsc, tscinvbit, avx, avx2, aes, erms, clmul, bmi1, bmi2, adx, sha, fma, vzeroupper, clflush, clflushopt, clwb, hv, serialize, rdtscp, rdpid, fsrm, f16c, cet_ibt, cet_ss
Processor Information for processor 0
  Max Mhz: 2100, Current Mhz: 2100, Mhz Limit: 2100
Processor Information for processor 1
  Max Mhz: 2100, Current Mhz: 2100, Mhz Limit: 2100
Processor Information for processor 2
  Max Mhz: 2100, Current Mhz: 2100, Mhz Limit: 2100
Processor Information for processor 3
  Max Mhz: 2100, Current Mhz: 2100, Mhz Limit: 2100
Processor Information for processor 4
  Max Mhz: 2100, Current Mhz: 2100, Mhz Limit: 2100
Processor Information for processor 5
  Max Mhz: 2100, Current Mhz: 2100, Mhz Limit: 2100
Processor Information for processor 6
  Max Mhz: 2100, Current Mhz: 2100, Mhz Limit: 2100
Processor Information for processor 7
  Max Mhz: 2100, Current Mhz: 2100, Mhz Limit: 2100
Processor Information for processor 8
  Max Mhz: 2100, Current Mhz: 1500, Mhz Limit: 1491
Processor Information for processor 9
  Max Mhz: 2100, Current Mhz: 1500, Mhz Limit: 1491
Processor Information for processor 10
  Max Mhz: 2100, Current Mhz: 1500, Mhz Limit: 1491
Processor Information for processor 11
  Max Mhz: 2100, Current Mhz: 1500, Mhz Limit: 1491
Processor Information for processor 12
  Max Mhz: 2100, Current Mhz: 1500, Mhz Limit: 1491
Processor Information for processor 13
  Max Mhz: 2100, Current Mhz: 1500, Mhz Limit: 1491
Processor Information for processor 14
  Max Mhz: 2100, Current Mhz: 1500, Mhz Limit: 1491
Processor Information for processor 15
  Max Mhz: 2100, Current Mhz: 1500, Mhz Limit: 1491

Memory: 4k page, system-wide physical 16109M (669M free)
TotalPageFile size 44264M (AvailPageFile size 85M)
current process WorkingSet (physical memory assigned to process): 14M, peak: 506M
current process commit charge ("private bytes"): 621M, peak: 630M

vm_info: OpenJDK 64-Bit Server VM (21.0.10+7-LTS) for windows-amd64 JRE (21.0.10+7-LTS), built on 2026-01-20T00:00:00Z by "admin" with MS VC++ 17.12 (VS2022)

END.
