#
# There is insufficient memory for the Java Runtime Environment to continue.
# Native memory allocation (malloc) failed to allocate 1755536 bytes. Error detail: Chunk::new
# Possible reasons:
#   The system is out of physical RAM or swap space
#   This process is running with CompressedOops enabled, and the Java Heap may be blocking the growth of the native heap
# Possible solutions:
#   Reduce memory load on the system
#   Increase physical memory or swap space
#   Check if swap backing store is full
#   Decrease Java heap size (-Xmx/-Xms)
#   Decrease number of Java threads
#   Decrease Java thread stack sizes (-Xss)
#   Set larger code cache with -XX:ReservedCodeCacheSize=
#   JVM is running with Unscaled Compressed Oops mode in which the Java heap is
#     placed in the first 4GB address space. The Java Heap base address is the
#     maximum limit for the native heap growth. Please use -XX:HeapBaseMinAddress
#     to set the Java Heap base and to place the Java Heap above 4GB virtual address.
# This output file may be truncated or incomplete.
#
#  Out of Memory Error (arena.cpp:168), pid=17676, tid=15020
#
# JRE version: OpenJDK Runtime Environment Temurin-21.0.10+7 (21.0.10+7) (build 21.0.10+7-LTS)
# Java VM: OpenJDK 64-Bit Server VM Temurin-21.0.10+7 (21.0.10+7-LTS, mixed mode, sharing, tiered, compressed oops, compressed class ptrs, parallel gc, windows-amd64)
# No core dump will be written. Minidumps are not enabled by default on client versions of Windows
#

---------------  S U M M A R Y ------------

Command Line: --add-modules=ALL-SYSTEM --add-opens=java.base/java.util=ALL-UNNAMED --add-opens=java.base/java.lang=ALL-UNNAMED --add-opens=java.base/sun.nio.fs=ALL-UNNAMED -Declipse.application=org.eclipse.jdt.ls.core.id1 -Dosgi.bundles.defaultStartLevel=4 -Declipse.product=org.eclipse.jdt.ls.core.product -Djava.import.generatesMetadataFilesAtProjectRoot=false -DDetectVMInstallationsJob.disabled=true -Dfile.encoding=utf8 -XX:+UseParallelGC -XX:GCTimeRatio=4 -XX:AdaptiveSizePolicyWeight=90 -Dsun.zip.disableMemoryMapping=true -Xmx2G -Xms100m -Xlog:disable -javaagent:c:\Users\TumRoyal\.vscode\extensions\redhat.java-1.54.0-win32-x64\lombok\lombok-1.18.39-4050.jar -XX:+HeapDumpOnOutOfMemoryError -XX:HeapDumpPath=c:\Users\TumRoyal\AppData\Roaming\Code\User\workspaceStorage\a1d5025e39fe0c65064b7965ae598c61\redhat.java -Daether.dependencyCollector.impl=bf c:\Users\TumRoyal\.vscode\extensions\redhat.java-1.54.0-win32-x64\server\plugins\org.eclipse.equinox.launcher_1.7.100.v20251111-0406.jar -configuration c:\Users\TumRoyal\AppData\Roaming\Code\User\globalStorage\redhat.java\1.54.0\config_win -data c:\Users\TumRoyal\AppData\Roaming\Code\User\workspaceStorage\a1d5025e39fe0c65064b7965ae598c61\redhat.java\jdt_ws --pipe=\\.\pipe\lsp-a798ada2440d8d9560df3967d39fb8c9-sock

Host: 12th Gen Intel(R) Core(TM) i7-1260P, 16 cores, 15G,  Windows 11 , 64 bit Build 26100 (10.0.26100.8246)
Time: Tue May  5 14:13:05 2026 SE Asia Standard Time elapsed time: 40.665090 seconds (0d 0h 0m 40s)

---------------  T H R E A D  ---------------

Current thread (0x0000018816569d50):  JavaThread "C2 CompilerThread3" daemon [_thread_in_native, id=15020, stack(0x0000008679100000,0x0000008679200000) (1024K)]


Current CompileTask:
C2:40665 14277   !   4       org.eclipse.osgi.internal.loader.classpath.ClasspathManager::defineClass (636 bytes)

Stack: [0x0000008679100000,0x0000008679200000]
Native frames: (J=compiled Java code, j=interpreted, Vv=VM code, C=native code)
V  [jvm.dll+0x6d7a39]
V  [jvm.dll+0x8b4b26]
V  [jvm.dll+0x8b70de]
V  [jvm.dll+0x8b77c3]
V  [jvm.dll+0x284346]
V  [jvm.dll+0xc66ed]
V  [jvm.dll+0xc6c31]
V  [jvm.dll+0x3bec01]
V  [jvm.dll+0x38b162]
V  [jvm.dll+0x38a5aa]
V  [jvm.dll+0x24c560]
V  [jvm.dll+0x24bb40]
V  [jvm.dll+0x1cb34e]
V  [jvm.dll+0x25b85d]
V  [jvm.dll+0x259dea]
V  [jvm.dll+0x3f857e]
V  [jvm.dll+0x85f59d]
V  [jvm.dll+0x6d626d]
C  [ucrtbase.dll+0x37b0]
C  [KERNEL32.DLL+0x2e8d7]
C  [ntdll.dll+0x8c3fc]


---------------  P R O C E S S  ---------------

Threads class SMR info:
_java_thread_list=0x0000018819d93050, length=97, elements={
0x00000187b47e1460, 0x00000187b6cce7f0, 0x00000187cd6ac660, 0x00000187cd6b21f0,
0x00000187cd6b2fe0, 0x00000187cd6b5450, 0x00000187cd6b88c0, 0x000001880fb56fe0,
0x000001880fb5ba90, 0x000001880fd88d20, 0x000001881145ddc0, 0x0000018816051f20,
0x000001881602c800, 0x0000018811766840, 0x0000018811759e50, 0x000001880fc2d210,
0x000001881638ee30, 0x000001881656b1c0, 0x00000188115107c0, 0x000001881656aaf0,
0x0000018816567b40, 0x0000018811510e50, 0x000001881150f410, 0x000001881150ed80,
0x0000018811510130, 0x0000018816568fb0, 0x0000018816569680, 0x000001881150d9d0,
0x0000018816569d50, 0x000001881150faa0, 0x0000018818cde670, 0x0000018818cded00,
0x0000018818cdbf10, 0x0000018818cdd2c0, 0x0000018818cdb880, 0x0000018818cdf390,
0x0000018818cdd950, 0x0000018818cddfe0, 0x0000018818cdc5a0, 0x0000018818cdfa20,
0x0000018818ce00b0, 0x0000018818cdcc30, 0x0000018818ce1460, 0x0000018818ce1af0,
0x0000018818ce2ea0, 0x0000018818ce2180, 0x0000018818ce0740, 0x0000018818ce2810,
0x0000018818ce0dd0, 0x0000018817b81a50, 0x0000018817b820e0, 0x0000018817b7f2f0,
0x0000018817b80010, 0x0000018817b813c0, 0x0000018817b7ec60, 0x0000018817b82770,
0x0000018817b806a0, 0x0000018817b82e00, 0x0000018817b7f980, 0x0000018817b83490,
0x0000018817b83b20, 0x0000018817b841b0, 0x0000018817b80d30, 0x0000018817b84840,
0x0000018817b84ed0, 0x0000018817b85560, 0x0000018817b85bf0, 0x0000018817b86280,
0x000001881872bea0, 0x000001881872aaf0, 0x0000018818728a20, 0x00000188187290b0,
0x0000018818729dd0, 0x000001881872a460, 0x000001881872cbc0, 0x0000018818729740,
0x000001881872ec90, 0x000001881872e600, 0x000001881872d8e0, 0x000001881872b810,
0x000001881872d250, 0x000001881872f9b0, 0x000001881a728270, 0x000001881a7261a0,
0x000001881a727be0, 0x000001881a728f90, 0x000001881a728900, 0x000001881a729620,
0x000001881a729cb0, 0x000001881a726ec0, 0x000001881a72a340, 0x000001881a72a9d0,
0x000001881a727550, 0x000001881a72b060, 0x000001881a72b6f0, 0x000001881a72bd80,
0x000001881a72c410
}

Java Threads: ( => current thread )
  0x00000187b47e1460 JavaThread "main"                              [_thread_blocked, id=16860, stack(0x0000008676700000,0x0000008676800000) (1024K)]
  0x00000187b6cce7f0 JavaThread "Reference Handler"          daemon [_thread_blocked, id=40024, stack(0x0000008676b00000,0x0000008676c00000) (1024K)]
  0x00000187cd6ac660 JavaThread "Finalizer"                  daemon [_thread_blocked, id=25816, stack(0x0000008676c00000,0x0000008676d00000) (1024K)]
  0x00000187cd6b21f0 JavaThread "Signal Dispatcher"          daemon [_thread_blocked, id=18180, stack(0x0000008676d00000,0x0000008676e00000) (1024K)]
  0x00000187cd6b2fe0 JavaThread "Attach Listener"            daemon [_thread_blocked, id=2096, stack(0x0000008676e00000,0x0000008676f00000) (1024K)]
  0x00000187cd6b5450 JavaThread "Service Thread"             daemon [_thread_blocked, id=3140, stack(0x0000008676f00000,0x0000008677000000) (1024K)]
  0x00000187cd6b88c0 JavaThread "Monitor Deflation Thread"   daemon [_thread_blocked, id=40556, stack(0x0000008677000000,0x0000008677100000) (1024K)]
  0x000001880fb56fe0 JavaThread "C2 CompilerThread0"         daemon [_thread_in_native, id=37672, stack(0x0000008677100000,0x0000008677200000) (1024K)]
  0x000001880fb5ba90 JavaThread "C1 CompilerThread0"         daemon [_thread_blocked, id=37100, stack(0x0000008677200000,0x0000008677300000) (1024K)]
  0x000001880fd88d20 JavaThread "Common-Cleaner"             daemon [_thread_blocked, id=34352, stack(0x0000008677500000,0x0000008677600000) (1024K)]
  0x000001881145ddc0 JavaThread "Notification Thread"        daemon [_thread_blocked, id=34136, stack(0x0000008677800000,0x0000008677900000) (1024K)]
  0x0000018816051f20 JavaThread "Active Thread: Equinox Container: f7842e24-7db2-4f0e-baff-19b438cc99f4"        [_thread_blocked, id=13004, stack(0x0000008677f00000,0x0000008678000000) (1024K)]
  0x000001881602c800 JavaThread "Refresh Thread: Equinox Container: f7842e24-7db2-4f0e-baff-19b438cc99f4" daemon [_thread_blocked, id=1824, stack(0x0000008677300000,0x0000008677400000) (1024K)]
  0x0000018811766840 JavaThread "Framework Event Dispatcher: Equinox Container: f7842e24-7db2-4f0e-baff-19b438cc99f4" daemon [_thread_blocked, id=20992, stack(0x0000008677600000,0x0000008677700000) (1024K)]
  0x0000018811759e50 JavaThread "Start Level: Equinox Container: f7842e24-7db2-4f0e-baff-19b438cc99f4" daemon [_thread_blocked, id=38784, stack(0x0000008677700000,0x0000008677800000) (1024K)]
  0x000001880fc2d210 JavaThread "Bundle File Closer"         daemon [_thread_blocked, id=11764, stack(0x0000008678400000,0x0000008678500000) (1024K)]
  0x000001881638ee30 JavaThread "SCR Component Actor"        daemon [_thread_blocked, id=20956, stack(0x0000008678300000,0x0000008678400000) (1024K)]
  0x000001881656b1c0 JavaThread "C1 CompilerThread1"         daemon [_thread_blocked, id=5100, stack(0x0000008678800000,0x0000008678900000) (1024K)]
  0x00000188115107c0 JavaThread "Worker-JM"                         [_thread_blocked, id=17652, stack(0x0000008676600000,0x0000008676700000) (1024K)]
  0x000001881656aaf0 JavaThread "C1 CompilerThread2"         daemon [_thread_blocked, id=34912, stack(0x0000008678700000,0x0000008678800000) (1024K)]
  0x0000018816567b40 JavaThread "C1 CompilerThread3"         daemon [_thread_blocked, id=12220, stack(0x0000008678a00000,0x0000008678b00000) (1024K)]
  0x0000018811510e50 JavaThread "JNA Cleaner"                daemon [_thread_blocked, id=7584, stack(0x0000008678c00000,0x0000008678d00000) (1024K)]
  0x000001881150f410 JavaThread "Worker-0"                          [_thread_blocked, id=29816, stack(0x0000008678d00000,0x0000008678e00000) (1024K)]
  0x000001881150ed80 JavaThread "Worker-1: Building"                [_thread_in_native, id=12800, stack(0x0000008678e00000,0x0000008678f00000) (1024K)]
  0x0000018811510130 JavaThread "Worker-2"                          [_thread_blocked, id=16212, stack(0x0000008678f00000,0x0000008679000000) (1024K)]
  0x0000018816568fb0 JavaThread "C2 CompilerThread1"         daemon [_thread_blocked, id=36024, stack(0x0000008678900000,0x0000008678a00000) (1024K)]
  0x0000018816569680 JavaThread "C2 CompilerThread2"         daemon [_thread_in_native, id=25868, stack(0x0000008678b00000,0x0000008678c00000) (1024K)]
  0x000001881150d9d0 JavaThread "Java indexing"              daemon [_thread_in_Java, id=17912, stack(0x0000008679000000,0x0000008679100000) (1024K)]
=>0x0000018816569d50 JavaThread "C2 CompilerThread3"         daemon [_thread_in_native, id=15020, stack(0x0000008679100000,0x0000008679200000) (1024K)]
  0x000001881150faa0 JavaThread "Worker-3"                          [_thread_blocked, id=13724, stack(0x0000008679200000,0x0000008679300000) (1024K)]
  0x0000018818cde670 JavaThread "Worker-4: Java indexing... "        [_thread_blocked, id=27596, stack(0x0000008679500000,0x0000008679600000) (1024K)]
  0x0000018818cded00 JavaThread "Worker-5"                          [_thread_blocked, id=38660, stack(0x0000008679600000,0x0000008679700000) (1024K)]
  0x0000018818cdbf10 JavaThread "Thread-1"                   daemon [_thread_in_native, id=9184, stack(0x0000008679700000,0x0000008679800000) (1024K)]
  0x0000018818cdd2c0 JavaThread "Thread-2"                   daemon [_thread_in_native, id=38848, stack(0x0000008679800000,0x0000008679900000) (1024K)]
  0x0000018818cdb880 JavaThread "Thread-3"                   daemon [_thread_in_native, id=27684, stack(0x0000008679900000,0x0000008679a00000) (1024K)]
  0x0000018818cdf390 JavaThread "Thread-4"                   daemon [_thread_in_native, id=36172, stack(0x0000008679a00000,0x0000008679b00000) (1024K)]
  0x0000018818cdd950 JavaThread "Thread-5"                   daemon [_thread_in_native, id=26444, stack(0x0000008679b00000,0x0000008679c00000) (1024K)]
  0x0000018818cddfe0 JavaThread "Thread-6"                   daemon [_thread_in_native, id=14836, stack(0x0000008679c00000,0x0000008679d00000) (1024K)]
  0x0000018818cdc5a0 JavaThread "Thread-7"                   daemon [_thread_in_native, id=12460, stack(0x0000008679d00000,0x0000008679e00000) (1024K)]
  0x0000018818cdfa20 JavaThread "Thread-8"                   daemon [_thread_in_native, id=8476, stack(0x0000008679e00000,0x0000008679f00000) (1024K)]
  0x0000018818ce00b0 JavaThread "Thread-9"                   daemon [_thread_in_native, id=36568, stack(0x0000008679f00000,0x000000867a000000) (1024K)]
  0x0000018818cdcc30 JavaThread "Thread-10"                  daemon [_thread_in_native, id=16256, stack(0x000000867a000000,0x000000867a100000) (1024K)]
  0x0000018818ce1460 JavaThread "Thread-11"                  daemon [_thread_in_native, id=4484, stack(0x000000867a100000,0x000000867a200000) (1024K)]
  0x0000018818ce1af0 JavaThread "Thread-12"                  daemon [_thread_in_native, id=13264, stack(0x000000867a200000,0x000000867a300000) (1024K)]
  0x0000018818ce2ea0 JavaThread "Thread-13"                  daemon [_thread_in_native, id=35076, stack(0x000000867a300000,0x000000867a400000) (1024K)]
  0x0000018818ce2180 JavaThread "Thread-14"                  daemon [_thread_in_native, id=13736, stack(0x000000867a400000,0x000000867a500000) (1024K)]
  0x0000018818ce0740 JavaThread "Thread-15"                  daemon [_thread_in_native, id=18568, stack(0x000000867a500000,0x000000867a600000) (1024K)]
  0x0000018818ce2810 JavaThread "Thread-16"                  daemon [_thread_in_native, id=33436, stack(0x000000867a600000,0x000000867a700000) (1024K)]
  0x0000018818ce0dd0 JavaThread "Thread-17"                  daemon [_thread_in_native, id=19588, stack(0x000000867a700000,0x000000867a800000) (1024K)]
  0x0000018817b81a50 JavaThread "pool-2-thread-1"                   [_thread_blocked, id=24124, stack(0x000000867a800000,0x000000867a900000) (1024K)]
  0x0000018817b820e0 JavaThread "WorkspaceEventsHandler"            [_thread_blocked, id=13164, stack(0x000000867a900000,0x000000867aa00000) (1024K)]
  0x0000018817b7f2f0 JavaThread "pool-1-thread-1"                   [_thread_blocked, id=34356, stack(0x000000867aa00000,0x000000867ab00000) (1024K)]
  0x0000018817b80010 JavaThread "LocalFile Deleter"          daemon [_thread_blocked, id=33212, stack(0x000000867ab00000,0x000000867ac00000) (1024K)]
  0x0000018817b813c0 JavaThread "LocalFile Deleter"          daemon [_thread_blocked, id=11424, stack(0x000000867ac00000,0x000000867ad00000) (1024K)]
  0x0000018817b7ec60 JavaThread "LocalFile Deleter"          daemon [_thread_blocked, id=5536, stack(0x000000867ad00000,0x000000867ae00000) (1024K)]
  0x0000018817b82770 JavaThread "LocalFile Deleter"          daemon [_thread_blocked, id=19468, stack(0x000000867ae00000,0x000000867af00000) (1024K)]
  0x0000018817b806a0 JavaThread "LocalFile Deleter"          daemon [_thread_blocked, id=9408, stack(0x000000867af00000,0x000000867b000000) (1024K)]
  0x0000018817b82e00 JavaThread "LocalFile Deleter"          daemon [_thread_blocked, id=31988, stack(0x000000867b000000,0x000000867b100000) (1024K)]
  0x0000018817b7f980 JavaThread "LocalFile Deleter"          daemon [_thread_blocked, id=39448, stack(0x000000867b100000,0x000000867b200000) (1024K)]
  0x0000018817b83490 JavaThread "LocalFile Deleter"          daemon [_thread_blocked, id=12036, stack(0x000000867b200000,0x000000867b300000) (1024K)]
  0x0000018817b83b20 JavaThread "LocalFile Deleter"          daemon [_thread_blocked, id=14132, stack(0x000000867b300000,0x000000867b400000) (1024K)]
  0x0000018817b841b0 JavaThread "LocalFile Deleter"          daemon [_thread_blocked, id=30460, stack(0x000000867b400000,0x000000867b500000) (1024K)]
  0x0000018817b80d30 JavaThread "LocalFile Deleter"          daemon [_thread_blocked, id=24340, stack(0x000000867b500000,0x000000867b600000) (1024K)]
  0x0000018817b84840 JavaThread "LocalFile Deleter"          daemon [_thread_blocked, id=39316, stack(0x000000867b600000,0x000000867b700000) (1024K)]
  0x0000018817b84ed0 JavaThread "LocalFile Deleter"          daemon [_thread_blocked, id=6852, stack(0x000000867b700000,0x000000867b800000) (1024K)]
  0x0000018817b85560 JavaThread "LocalFile Deleter"          daemon [_thread_blocked, id=6728, stack(0x000000867b800000,0x000000867b900000) (1024K)]
  0x0000018817b85bf0 JavaThread "LocalFile Deleter"          daemon [_thread_blocked, id=1844, stack(0x000000867b900000,0x000000867ba00000) (1024K)]
  0x0000018817b86280 JavaThread "LocalFile Deleter"          daemon [_thread_blocked, id=4524, stack(0x000000867ba00000,0x000000867bb00000) (1024K)]
  0x000001881872bea0 JavaThread "Compiler Source File Reader" daemon [_thread_blocked, id=26016, stack(0x000000867bb00000,0x000000867bc00000) (1024K)]
  0x000001881872aaf0 JavaThread "Compiler Source File Reader" daemon [_thread_blocked, id=13492, stack(0x000000867bc00000,0x000000867bd00000) (1024K)]
  0x0000018818728a20 JavaThread "Compiler Source File Reader" daemon [_thread_blocked, id=25684, stack(0x000000867bd00000,0x000000867be00000) (1024K)]
  0x00000188187290b0 JavaThread "Compiler Source File Reader" daemon [_thread_blocked, id=14688, stack(0x000000867be00000,0x000000867bf00000) (1024K)]
  0x0000018818729dd0 JavaThread "Compiler Source File Reader" daemon [_thread_blocked, id=9528, stack(0x000000867bf00000,0x000000867c000000) (1024K)]
  0x000001881872a460 JavaThread "Compiler Source File Reader" daemon [_thread_blocked, id=21344, stack(0x000000867c000000,0x000000867c100000) (1024K)]
  0x000001881872cbc0 JavaThread "Compiler Source File Reader" daemon [_thread_blocked, id=11188, stack(0x000000867c100000,0x000000867c200000) (1024K)]
  0x0000018818729740 JavaThread "Compiler Source File Reader" daemon [_thread_blocked, id=26052, stack(0x000000867c200000,0x000000867c300000) (1024K)]
  0x000001881872ec90 JavaThread "Compiler Source File Reader" daemon [_thread_blocked, id=12368, stack(0x000000867c300000,0x000000867c400000) (1024K)]
  0x000001881872e600 JavaThread "Compiler Source File Reader" daemon [_thread_blocked, id=30512, stack(0x000000867c400000,0x000000867c500000) (1024K)]
  0x000001881872d8e0 JavaThread "Compiler Source File Reader" daemon [_thread_blocked, id=39708, stack(0x000000867c500000,0x000000867c600000) (1024K)]
  0x000001881872b810 JavaThread "Compiler Source File Reader" daemon [_thread_blocked, id=32644, stack(0x000000867c600000,0x000000867c700000) (1024K)]
  0x000001881872d250 JavaThread "Compiler Source File Reader" daemon [_thread_blocked, id=38640, stack(0x000000867c700000,0x000000867c800000) (1024K)]
  0x000001881872f9b0 JavaThread "Compiler Source File Reader" daemon [_thread_blocked, id=6764, stack(0x000000867c800000,0x000000867c900000) (1024K)]
  0x000001881a728270 JavaThread "Compiler Processing Task"   daemon [_thread_blocked, id=11824, stack(0x000000867c900000,0x000000867ca00000) (1024K)]
  0x000001881a7261a0 JavaThread "Compiler Class File Writer" daemon [_thread_blocked, id=27960, stack(0x000000867ca00000,0x000000867cb00000) (1024K)]
  0x000001881a727be0 JavaThread "Compiler Class File Writer" daemon [_thread_blocked, id=10164, stack(0x000000867cb00000,0x000000867cc00000) (1024K)]
  0x000001881a728f90 JavaThread "Compiler Class File Writer" daemon [_thread_blocked, id=33608, stack(0x000000867cc00000,0x000000867cd00000) (1024K)]
  0x000001881a728900 JavaThread "Compiler Class File Writer" daemon [_thread_blocked, id=33908, stack(0x000000867cd00000,0x000000867ce00000) (1024K)]
  0x000001881a729620 JavaThread "Compiler Class File Writer" daemon [_thread_blocked, id=6012, stack(0x000000867ce00000,0x000000867cf00000) (1024K)]
  0x000001881a729cb0 JavaThread "Compiler Class File Writer" daemon [_thread_blocked, id=34652, stack(0x000000867cf00000,0x000000867d000000) (1024K)]
  0x000001881a726ec0 JavaThread "Compiler Class File Writer" daemon [_thread_blocked, id=28304, stack(0x000000867d000000,0x000000867d100000) (1024K)]
  0x000001881a72a340 JavaThread "Compiler Class File Writer" daemon [_thread_blocked, id=33372, stack(0x000000867d100000,0x000000867d200000) (1024K)]
  0x000001881a72a9d0 JavaThread "Compiler Class File Writer" daemon [_thread_blocked, id=35436, stack(0x000000867d200000,0x000000867d300000) (1024K)]
  0x000001881a727550 JavaThread "Compiler Class File Writer" daemon [_thread_blocked, id=6340, stack(0x000000867d300000,0x000000867d400000) (1024K)]
  0x000001881a72b060 JavaThread "Compiler Class File Writer" daemon [_thread_blocked, id=23320, stack(0x000000867d400000,0x000000867d500000) (1024K)]
  0x000001881a72b6f0 JavaThread "Compiler Class File Writer" daemon [_thread_blocked, id=19008, stack(0x000000867d500000,0x000000867d600000) (1024K)]
  0x000001881a72bd80 JavaThread "Compiler Class File Writer" daemon [_thread_blocked, id=2236, stack(0x000000867d600000,0x000000867d700000) (1024K)]
  0x000001881a72c410 JavaThread "Compiler Class File Writer" daemon [_thread_blocked, id=13064, stack(0x000000867d700000,0x000000867d800000) (1024K)]
Total: 97

Other Threads:
  0x00000187b6cbc8f0 VMThread "VM Thread"                           [id=5780, stack(0x0000008676a00000,0x0000008676b00000) (1024K)]
  0x00000187cd59ca00 WatcherThread "VM Periodic Task Thread"        [id=16396, stack(0x0000008676900000,0x0000008676a00000) (1024K)]
  0x00000187b6c3c070 WorkerThread "GC Thread#0"                     [id=21192, stack(0x0000008676800000,0x0000008676900000) (1024K)]
  0x0000018811485410 WorkerThread "GC Thread#1"                     [id=29364, stack(0x0000008677900000,0x0000008677a00000) (1024K)]
  0x000001881148a0d0 WorkerThread "GC Thread#2"                     [id=8552, stack(0x0000008677a00000,0x0000008677b00000) (1024K)]
  0x000001881148a480 WorkerThread "GC Thread#3"                     [id=33912, stack(0x0000008677b00000,0x0000008677c00000) (1024K)]
  0x000001881148a830 WorkerThread "GC Thread#4"                     [id=31716, stack(0x0000008677c00000,0x0000008677d00000) (1024K)]
  0x0000018811abd6f0 WorkerThread "GC Thread#5"                     [id=5188, stack(0x0000008677d00000,0x0000008677e00000) (1024K)]
  0x0000018811abdeb0 WorkerThread "GC Thread#6"                     [id=26820, stack(0x0000008677e00000,0x0000008677f00000) (1024K)]
  0x000001881613f670 WorkerThread "GC Thread#7"                     [id=30772, stack(0x0000008678000000,0x0000008678100000) (1024K)]
  0x000001880fbd6f50 WorkerThread "GC Thread#8"                     [id=37268, stack(0x0000008677400000,0x0000008677500000) (1024K)]
  0x0000018811b6eab0 WorkerThread "GC Thread#9"                     [id=22548, stack(0x0000008678100000,0x0000008678200000) (1024K)]
  0x00000188119ff6a0 WorkerThread "GC Thread#10"                    [id=17612, stack(0x0000008678200000,0x0000008678300000) (1024K)]
  0x0000018811a4a8f0 WorkerThread "GC Thread#11"                    [id=26760, stack(0x0000008678500000,0x0000008678600000) (1024K)]
  0x0000018811a4b0d0 WorkerThread "GC Thread#12"                    [id=36964, stack(0x0000008678600000,0x0000008678700000) (1024K)]
Total: 15

Threads with active compile tasks:
C2 CompilerThread0  40690 14357       4       java.lang.invoke.MethodType::makeImpl (109 bytes)
C2 CompilerThread2  40690 14394       4       java.util.HashMap::putIfAbsent (13 bytes)
C2 CompilerThread3  40690 14277   !   4       org.eclipse.osgi.internal.loader.classpath.ClasspathManager::defineClass (636 bytes)
Total: 3

VM state: not at safepoint (normal execution)

VM Mutex/Monitor currently owned by a thread:  ([mutex/lock_event])
[0x00007ffd7a69d060] MethodCompileQueue_lock - owner thread: 0x0000018816569680
[0x00007ffd7a69e460] CodeCache_lock - owner thread: 0x0000018816569680
[0x00007ffd7a69e5e0] Compile_lock - owner thread: 0x0000018816569680

Heap address: 0x0000000080000000, size: 2048 MB, Compressed Oops mode: 32-bit

CDS archive(s) mapped at: [0x00000187ce000000-0x00000187ceba0000-0x00000187ceba0000), size 12189696, SharedBaseAddress: 0x00000187ce000000, ArchiveRelocationMode: 1.
Compressed class space mapped at: 0x00000187cf000000-0x000001880f000000, reserved size: 1073741824
Narrow klass base: 0x00000187ce000000, Narrow klass shift: 0, Narrow klass range: 0x100000000

GC Precious Log:
 CardTable entry size: 512
 CPUs: 16 total, 16 available
 Memory: 16109M
 Large Page Support: Disabled
 NUMA Support: Disabled
 Compressed Oops: Enabled (32-bit)
 Alignments: Space 512K, Generation 512K, Heap 2M
 Heap Min Capacity: 100M
 Heap Initial Capacity: 100M
 Heap Max Capacity: 2G
 Pre-touch: Disabled
 Parallel Workers: 13

Heap:
 PSYoungGen      total 2560K, used 1786K [0x00000000d5580000, 0x00000000d5980000, 0x0000000100000000)
  eden space 1024K, 80% used [0x00000000d5580000,0x00000000d564ebd0,0x00000000d5680000)
  from space 1536K, 62% used [0x00000000d5800000,0x00000000d58f0000,0x00000000d5980000)
  to   space 1536K, 0% used [0x00000000d5680000,0x00000000d5680000,0x00000000d5800000)
 ParOldGen       total 419840K, used 419379K [0x0000000080000000, 0x0000000099a00000, 0x00000000d5580000)
  object space 419840K, 99% used [0x0000000080000000,0x000000009998cce0,0x0000000099a00000)
 Metaspace       used 63378K, committed 64768K, reserved 1114112K
  class space    used 6433K, committed 7040K, reserved 1048576K

Card table byte_map: [0x00000187b65b0000,0x00000187b69c0000] _byte_map_base: 0x00000187b61b0000

Marking Bits: (ParMarkBitMap*) 0x00007ffd7a6a3450
 Begin Bits: [0x00000187c90c0000, 0x00000187cb0c0000)
 End Bits:   [0x00000187cb0c0000, 0x00000187cd0c0000)

Polling page: 0x00000187b4bb0000

Metaspace:

Usage:
  Non-class:     55.61 MB used.
      Class:      6.28 MB used.
       Both:     61.89 MB used.

Virtual space:
  Non-class space:       64.00 MB reserved,      56.38 MB ( 88%) committed,  1 nodes.
      Class space:        1.00 GB reserved,       6.88 MB ( <1%) committed,  1 nodes.
             Both:        1.06 GB reserved,      63.25 MB (  6%) committed. 

Chunk freelists:
   Non-Class:  7.52 MB
       Class:  8.94 MB
        Both:  16.45 MB

MaxMetaspaceSize: unlimited
CompressedClassSpaceSize: 1.00 GB
Initial GC threshold: 21.00 MB
Current GC threshold: 98.12 MB
CDS: on
 - commit_granule_bytes: 65536.
 - commit_granule_words: 8192.
 - virtual_space_node_default_size: 8388608.
 - enlarge_chunks_in_place: 1.
 - use_allocation_guard: 0.


Internal statistics:

num_allocs_failed_limit: 19.
num_arena_births: 1286.
num_arena_deaths: 14.
num_vsnodes_births: 2.
num_vsnodes_deaths: 0.
num_space_committed: 1012.
num_space_uncommitted: 0.
num_chunks_returned_to_freelist: 33.
num_chunks_taken_from_freelist: 4542.
num_chunk_merges: 20.
num_chunk_splits: 2633.
num_chunks_enlarged: 1275.
num_inconsistent_stats: 0.

CodeHeap 'non-profiled nmethods': size=119168Kb used=7047Kb max_used=7047Kb free=112120Kb
 bounds [0x00000187c19b0000, 0x00000187c20a0000, 0x00000187c8e10000]
CodeHeap 'profiled nmethods': size=119104Kb used=32153Kb max_used=32153Kb free=86951Kb
 bounds [0x00000187b9e10000, 0x00000187bbd80000, 0x00000187c1260000]
CodeHeap 'non-nmethods': size=7488Kb used=3110Kb max_used=3187Kb free=4377Kb
 bounds [0x00000187c1260000, 0x00000187c15d0000, 0x00000187c19b0000]
CodeCache: size=245760Kb, used=42310Kb, max_used=42387Kb, free=203448Kb
 total_blobs=14209, nmethods=13476, adapters=634, full_count=0
Compilation: enabled, stopped_count=0, restarted_count=0

Compilation events (20 events):
Event: 40.522 Thread 0x000001881656b1c0 14382       3       org.apache.maven.model.ModelBase::getProperties (23 bytes)
Event: 40.522 Thread 0x000001880fb5ba90 14383       3       org.apache.maven.model.ModelBase::addProperty (11 bytes)
Event: 40.522 Thread 0x000001881656b1c0 nmethod 14382 0x00000187bbd6dd90 code [0x00000187bbd6df40, 0x00000187bbd6e1c0]
Event: 40.522 Thread 0x0000018816567b40 nmethod 14381 0x00000187bbd6e290 code [0x00000187bbd6e460, 0x00000187bbd6e8a0]
Event: 40.522 Thread 0x0000018816568fb0 14384       4       java.util.HashSet::<init> (16 bytes)
Event: 40.523 Thread 0x000001880fb5ba90 nmethod 14383 0x00000187bbd6ea10 code [0x00000187bbd6ebe0, 0x00000187bbd6f020]
Event: 40.523 Thread 0x000001881656aaf0 nmethod 14380 0x00000187bbd6f190 code [0x00000187bbd6f400, 0x00000187bbd70098]
Event: 40.523 Thread 0x000001881656aaf0 14385       1       org.apache.maven.model.InputLocation::getSource (5 bytes)
Event: 40.523 Thread 0x000001880fb5ba90 14386       1       org.codehaus.plexus.util.xml.Xpp3Dom::setInputLocation (6 bytes)
Event: 40.523 Thread 0x000001881656aaf0 nmethod 14385 0x00000187c208f490 code [0x00000187c208f620, 0x00000187c208f6e8]
Event: 40.523 Thread 0x000001880fb5ba90 nmethod 14386 0x00000187c208f790 code [0x00000187c208f920, 0x00000187c208fa00]
Event: 40.523 Thread 0x0000018816569680 14387       4       java.util.ArrayList::remove (26 bytes)
Event: 40.523 Thread 0x000001880fb5ba90 14388       3       org.apache.maven.model.io.xpp3.MavenXpp3ReaderEx$Xpp3DomBuilderInputLocationBuilder::toInputLocation (27 bytes)
Event: 40.524 Thread 0x0000018816568fb0 nmethod 14384 0x00000187c208fa90 code [0x00000187c208fc20, 0x00000187c208fd38]
Event: 40.524 Thread 0x000001880fb5ba90 nmethod 14388 0x00000187bbd70410 code [0x00000187bbd705e0, 0x00000187bbd70930]
Event: 40.524 Thread 0x000001880fb5ba90 14389       3       org.codehaus.plexus.util.xml.Xpp3Dom::getChild (14 bytes)
Event: 40.524 Thread 0x000001881656b1c0 14390       3       org.codehaus.plexus.util.xml.Xpp3Dom::<init> (10 bytes)
Event: 40.525 Thread 0x000001880fb5ba90 nmethod 14389 0x00000187bbd70b10 code [0x00000187bbd70cc0, 0x00000187bbd70f88]
Event: 40.658 Thread 0x000001881656aaf0 14391       3       org.codehaus.plexus.util.xml.Xpp3Dom::<init> (125 bytes)
Event: 40.658 Thread 0x0000018816569680 nmethod 14387 0x00000187c208fe10 code [0x00000187c208ffa0, 0x00000187c20901c0]

GC Heap History (20 events):
Event: 40.374 GC heap before
{Heap before GC invocations=423 (full 3):
 PSYoungGen      total 5120K, used 5031K [0x00000000d5580000, 0x00000000d5d00000, 0x0000000100000000)
  eden space 2560K, 100% used [0x00000000d5580000,0x00000000d5800000,0x00000000d5800000)
  from space 2560K, 96% used [0x00000000d5900000,0x00000000d5b69e90,0x00000000d5b80000)
  to   space 1536K, 0% used [0x00000000d5b80000,0x00000000d5b80000,0x00000000d5d00000)
 ParOldGen       total 406016K, used 405593K [0x0000000080000000, 0x0000000098c80000, 0x00000000d5580000)
  object space 406016K, 99% used [0x0000000080000000,0x0000000098c16558,0x0000000098c80000)
 Metaspace       used 63045K, committed 64512K, reserved 1114112K
  class space    used 6405K, committed 7040K, reserved 1048576K
}
Event: 40.377 GC heap after
{Heap after GC invocations=423 (full 3):
 PSYoungGen      total 2560K, used 1511K [0x00000000d5580000, 0x00000000d6200000, 0x0000000100000000)
  eden space 1024K, 0% used [0x00000000d5580000,0x00000000d5580000,0x00000000d5680000)
  from space 1536K, 98% used [0x00000000d5b80000,0x00000000d5cf9da8,0x00000000d5d00000)
  to   space 5120K, 0% used [0x00000000d5680000,0x00000000d5680000,0x00000000d5b80000)
 ParOldGen       total 409088K, used 408772K [0x0000000080000000, 0x0000000098f80000, 0x00000000d5580000)
  object space 409088K, 99% used [0x0000000080000000,0x0000000098f313e0,0x0000000098f80000)
 Metaspace       used 63045K, committed 64512K, reserved 1114112K
  class space    used 6405K, committed 7040K, reserved 1048576K
}
Event: 40.385 GC heap before
{Heap before GC invocations=424 (full 3):
 PSYoungGen      total 2560K, used 2535K [0x00000000d5580000, 0x00000000d6200000, 0x0000000100000000)
  eden space 1024K, 100% used [0x00000000d5580000,0x00000000d5680000,0x00000000d5680000)
  from space 1536K, 98% used [0x00000000d5b80000,0x00000000d5cf9da8,0x00000000d5d00000)
  to   space 5120K, 0% used [0x00000000d5680000,0x00000000d5680000,0x00000000d5b80000)
 ParOldGen       total 409088K, used 408772K [0x0000000080000000, 0x0000000098f80000, 0x00000000d5580000)
  object space 409088K, 99% used [0x0000000080000000,0x0000000098f313e0,0x0000000098f80000)
 Metaspace       used 63123K, committed 64576K, reserved 1114112K
  class space    used 6412K, committed 7040K, reserved 1048576K
}
Event: 40.386 GC heap after
{Heap after GC invocations=424 (full 3):
 PSYoungGen      total 2048K, used 608K [0x00000000d5580000, 0x00000000d5c00000, 0x0000000100000000)
  eden space 1024K, 0% used [0x00000000d5580000,0x00000000d5580000,0x00000000d5680000)
  from space 1024K, 59% used [0x00000000d5680000,0x00000000d5718000,0x00000000d5780000)
  to   space 2560K, 0% used [0x00000000d5980000,0x00000000d5980000,0x00000000d5c00000)
 ParOldGen       total 410624K, used 410244K [0x0000000080000000, 0x0000000099100000, 0x00000000d5580000)
  object space 410624K, 99% used [0x0000000080000000,0x00000000990a1170,0x0000000099100000)
 Metaspace       used 63123K, committed 64576K, reserved 1114112K
  class space    used 6412K, committed 7040K, reserved 1048576K
}
Event: 40.394 GC heap before
{Heap before GC invocations=425 (full 3):
 PSYoungGen      total 2048K, used 1632K [0x00000000d5580000, 0x00000000d5c00000, 0x0000000100000000)
  eden space 1024K, 100% used [0x00000000d5580000,0x00000000d5680000,0x00000000d5680000)
  from space 1024K, 59% used [0x00000000d5680000,0x00000000d5718000,0x00000000d5780000)
  to   space 2560K, 0% used [0x00000000d5980000,0x00000000d5980000,0x00000000d5c00000)
 ParOldGen       total 410624K, used 410244K [0x0000000080000000, 0x0000000099100000, 0x00000000d5580000)
  object space 410624K, 99% used [0x0000000080000000,0x00000000990a1170,0x0000000099100000)
 Metaspace       used 63187K, committed 64640K, reserved 1114112K
  class space    used 6419K, committed 7040K, reserved 1048576K
}
Event: 40.395 GC heap after
{Heap after GC invocations=425 (full 3):
 PSYoungGen      total 2048K, used 576K [0x00000000d5580000, 0x00000000d5a80000, 0x0000000100000000)
  eden space 1024K, 0% used [0x00000000d5580000,0x00000000d5580000,0x00000000d5680000)
  from space 1024K, 56% used [0x00000000d5980000,0x00000000d5a10000,0x00000000d5a80000)
  to   space 1024K, 0% used [0x00000000d5680000,0x00000000d5680000,0x00000000d5780000)
 ParOldGen       total 411136K, used 410728K [0x0000000080000000, 0x0000000099180000, 0x00000000d5580000)
  object space 411136K, 99% used [0x0000000080000000,0x000000009911a168,0x0000000099180000)
 Metaspace       used 63187K, committed 64640K, reserved 1114112K
  class space    used 6419K, committed 7040K, reserved 1048576K
}
Event: 40.405 GC heap before
{Heap before GC invocations=426 (full 3):
 PSYoungGen      total 2048K, used 1594K [0x00000000d5580000, 0x00000000d5a80000, 0x0000000100000000)
  eden space 1024K, 99% used [0x00000000d5580000,0x00000000d567eb10,0x00000000d5680000)
  from space 1024K, 56% used [0x00000000d5980000,0x00000000d5a10000,0x00000000d5a80000)
  to   space 1024K, 0% used [0x00000000d5680000,0x00000000d5680000,0x00000000d5780000)
 ParOldGen       total 411136K, used 410728K [0x0000000080000000, 0x0000000099180000, 0x00000000d5580000)
  object space 411136K, 99% used [0x0000000080000000,0x000000009911a168,0x0000000099180000)
 Metaspace       used 63252K, committed 64704K, reserved 1114112K
  class space    used 6423K, committed 7040K, reserved 1048576K
}
Event: 40.406 GC heap after
{Heap after GC invocations=426 (full 3):
 PSYoungGen      total 2048K, used 800K [0x00000000d5580000, 0x00000000d5a00000, 0x0000000100000000)
  eden space 1024K, 0% used [0x00000000d5580000,0x00000000d5580000,0x00000000d5680000)
  from space 1024K, 78% used [0x00000000d5680000,0x00000000d5748000,0x00000000d5780000)
  to   space 1024K, 0% used [0x00000000d5900000,0x00000000d5900000,0x00000000d5a00000)
 ParOldGen       total 411648K, used 411192K [0x0000000080000000, 0x0000000099200000, 0x00000000d5580000)
  object space 411648K, 99% used [0x0000000080000000,0x000000009918e168,0x0000000099200000)
 Metaspace       used 63252K, committed 64704K, reserved 1114112K
  class space    used 6423K, committed 7040K, reserved 1048576K
}
Event: 40.416 GC heap before
{Heap before GC invocations=427 (full 3):
 PSYoungGen      total 2048K, used 1674K [0x00000000d5580000, 0x00000000d5a00000, 0x0000000100000000)
  eden space 1024K, 85% used [0x00000000d5580000,0x00000000d565aaf0,0x00000000d5680000)
  from space 1024K, 78% used [0x00000000d5680000,0x00000000d5748000,0x00000000d5780000)
  to   space 1024K, 0% used [0x00000000d5900000,0x00000000d5900000,0x00000000d5a00000)
 ParOldGen       total 411648K, used 411192K [0x0000000080000000, 0x0000000099200000, 0x00000000d5580000)
  object space 411648K, 99% used [0x0000000080000000,0x000000009918e168,0x0000000099200000)
 Metaspace       used 63335K, committed 64768K, reserved 1114112K
  class space    used 6430K, committed 7040K, reserved 1048576K
}
Event: 40.418 GC heap after
{Heap after GC invocations=427 (full 3):
 PSYoungGen      total 2048K, used 699K [0x00000000d5580000, 0x00000000d5a00000, 0x0000000100000000)
  eden space 1024K, 0% used [0x00000000d5580000,0x00000000d5580000,0x00000000d5680000)
  from space 1024K, 68% used [0x00000000d5900000,0x00000000d59aef48,0x00000000d5a00000)
  to   space 1024K, 0% used [0x00000000d5680000,0x00000000d5680000,0x00000000d5780000)
 ParOldGen       total 412160K, used 411824K [0x0000000080000000, 0x0000000099280000, 0x00000000d5580000)
  object space 412160K, 99% used [0x0000000080000000,0x000000009922c158,0x0000000099280000)
 Metaspace       used 63335K, committed 64768K, reserved 1114112K
  class space    used 6430K, committed 7040K, reserved 1048576K
}
Event: 40.424 GC heap before
{Heap before GC invocations=428 (full 3):
 PSYoungGen      total 2048K, used 1508K [0x00000000d5580000, 0x00000000d5a00000, 0x0000000100000000)
  eden space 1024K, 78% used [0x00000000d5580000,0x00000000d564a1b8,0x00000000d5680000)
  from space 1024K, 68% used [0x00000000d5900000,0x00000000d59aef48,0x00000000d5a00000)
  to   space 1024K, 0% used [0x00000000d5680000,0x00000000d5680000,0x00000000d5780000)
 ParOldGen       total 412160K, used 411824K [0x0000000080000000, 0x0000000099280000, 0x00000000d5580000)
  object space 412160K, 99% used [0x0000000080000000,0x000000009922c158,0x0000000099280000)
 Metaspace       used 63352K, committed 64768K, reserved 1114112K
  class space    used 6433K, committed 7040K, reserved 1048576K
}
Event: 40.425 GC heap after
{Heap after GC invocations=428 (full 3):
 PSYoungGen      total 2048K, used 871K [0x00000000d5580000, 0x00000000d5980000, 0x0000000100000000)
  eden space 1024K, 0% used [0x00000000d5580000,0x00000000d5580000,0x00000000d5680000)
  from space 1024K, 85% used [0x00000000d5680000,0x00000000d5759e90,0x00000000d5780000)
  to   space 1024K, 0% used [0x00000000d5880000,0x00000000d5880000,0x00000000d5980000)
 ParOldGen       total 412672K, used 412370K [0x0000000080000000, 0x0000000099300000, 0x00000000d5580000)
  object space 412672K, 99% used [0x0000000080000000,0x00000000992b4b48,0x0000000099300000)
 Metaspace       used 63352K, committed 64768K, reserved 1114112K
  class space    used 6433K, committed 7040K, reserved 1048576K
}
Event: 40.428 GC heap before
{Heap before GC invocations=429 (full 3):
 PSYoungGen      total 2048K, used 1895K [0x00000000d5580000, 0x00000000d5980000, 0x0000000100000000)
  eden space 1024K, 99% used [0x00000000d5580000,0x00000000d567fff8,0x00000000d5680000)
  from space 1024K, 85% used [0x00000000d5680000,0x00000000d5759e90,0x00000000d5780000)
  to   space 1024K, 0% used [0x00000000d5880000,0x00000000d5880000,0x00000000d5980000)
 ParOldGen       total 412672K, used 412370K [0x0000000080000000, 0x0000000099300000, 0x00000000d5580000)
  object space 412672K, 99% used [0x0000000080000000,0x00000000992b4b48,0x0000000099300000)
 Metaspace       used 63359K, committed 64768K, reserved 1114112K
  class space    used 6433K, committed 7040K, reserved 1048576K
}
Event: 40.429 GC heap after
{Heap after GC invocations=429 (full 3):
 PSYoungGen      total 2048K, used 736K [0x00000000d5580000, 0x00000000d5980000, 0x0000000100000000)
  eden space 1024K, 0% used [0x00000000d5580000,0x00000000d5580000,0x00000000d5680000)
  from space 1024K, 71% used [0x00000000d5880000,0x00000000d5938000,0x00000000d5980000)
  to   space 1024K, 0% used [0x00000000d5680000,0x00000000d5680000,0x00000000d5780000)
 ParOldGen       total 413696K, used 413482K [0x0000000080000000, 0x0000000099400000, 0x00000000d5580000)
  object space 413696K, 99% used [0x0000000080000000,0x00000000993ca9d8,0x0000000099400000)
 Metaspace       used 63359K, committed 64768K, reserved 1114112K
  class space    used 6433K, committed 7040K, reserved 1048576K
}
Event: 40.462 GC heap before
{Heap before GC invocations=430 (full 3):
 PSYoungGen      total 2048K, used 1759K [0x00000000d5580000, 0x00000000d5980000, 0x0000000100000000)
  eden space 1024K, 99% used [0x00000000d5580000,0x00000000d567ffe8,0x00000000d5680000)
  from space 1024K, 71% used [0x00000000d5880000,0x00000000d5938000,0x00000000d5980000)
  to   space 1024K, 0% used [0x00000000d5680000,0x00000000d5680000,0x00000000d5780000)
 ParOldGen       total 416768K, used 416170K [0x0000000080000000, 0x0000000099700000, 0x00000000d5580000)
  object space 416768K, 99% used [0x0000000080000000,0x000000009966a9d8,0x0000000099700000)
 Metaspace       used 63363K, committed 64768K, reserved 1114112K
  class space    used 6433K, committed 7040K, reserved 1048576K
}
Event: 40.463 GC heap after
{Heap after GC invocations=430 (full 3):
 PSYoungGen      total 2048K, used 995K [0x00000000d5580000, 0x00000000d5a80000, 0x0000000100000000)
  eden space 1024K, 0% used [0x00000000d5580000,0x00000000d5580000,0x00000000d5680000)
  from space 1024K, 97% used [0x00000000d5680000,0x00000000d5778ee8,0x00000000d5780000)
  to   space 2048K, 0% used [0x00000000d5880000,0x00000000d5880000,0x00000000d5a80000)
 ParOldGen       total 416768K, used 416698K [0x0000000080000000, 0x0000000099700000, 0x00000000d5580000)
  object space 416768K, 99% used [0x0000000080000000,0x00000000996ee9d8,0x0000000099700000)
 Metaspace       used 63363K, committed 64768K, reserved 1114112K
  class space    used 6433K, committed 7040K, reserved 1048576K
}
Event: 40.498 GC heap before
{Heap before GC invocations=431 (full 3):
 PSYoungGen      total 2048K, used 2019K [0x00000000d5580000, 0x00000000d5a80000, 0x0000000100000000)
  eden space 1024K, 100% used [0x00000000d5580000,0x00000000d5680000,0x00000000d5680000)
  from space 1024K, 97% used [0x00000000d5680000,0x00000000d5778ee8,0x00000000d5780000)
  to   space 2048K, 0% used [0x00000000d5880000,0x00000000d5880000,0x00000000d5a80000)
 ParOldGen       total 416768K, used 416698K [0x0000000080000000, 0x0000000099700000, 0x00000000d5580000)
  object space 416768K, 99% used [0x0000000080000000,0x00000000996ee9d8,0x0000000099700000)
 Metaspace       used 63366K, committed 64768K, reserved 1114112K
  class space    used 6433K, committed 7040K, reserved 1048576K
}
Event: 40.500 GC heap after
{Heap after GC invocations=431 (full 3):
 PSYoungGen      total 2048K, used 896K [0x00000000d5580000, 0x00000000d5980000, 0x0000000100000000)
  eden space 1024K, 0% used [0x00000000d5580000,0x00000000d5580000,0x00000000d5680000)
  from space 1024K, 87% used [0x00000000d5880000,0x00000000d5960000,0x00000000d5980000)
  to   space 1536K, 0% used [0x00000000d5680000,0x00000000d5680000,0x00000000d5800000)
 ParOldGen       total 417792K, used 417558K [0x0000000080000000, 0x0000000099800000, 0x00000000d5580000)
  object space 417792K, 99% used [0x0000000080000000,0x00000000997c58c0,0x0000000099800000)
 Metaspace       used 63366K, committed 64768K, reserved 1114112K
  class space    used 6433K, committed 7040K, reserved 1048576K
}
Event: 40.515 GC heap before
{Heap before GC invocations=432 (full 3):
 PSYoungGen      total 2048K, used 1920K [0x00000000d5580000, 0x00000000d5980000, 0x0000000100000000)
  eden space 1024K, 100% used [0x00000000d5580000,0x00000000d5680000,0x00000000d5680000)
  from space 1024K, 87% used [0x00000000d5880000,0x00000000d5960000,0x00000000d5980000)
  to   space 1536K, 0% used [0x00000000d5680000,0x00000000d5680000,0x00000000d5800000)
 ParOldGen       total 417792K, used 417558K [0x0000000080000000, 0x0000000099800000, 0x00000000d5580000)
  object space 417792K, 99% used [0x0000000080000000,0x00000000997c58c0,0x0000000099800000)
 Metaspace       used 63366K, committed 64768K, reserved 1114112K
  class space    used 6433K, committed 7040K, reserved 1048576K
}
Event: 40.517 GC heap after
{Heap after GC invocations=432 (full 3):
 PSYoungGen      total 2560K, used 1219K [0x00000000d5580000, 0x00000000d5980000, 0x0000000100000000)
  eden space 1024K, 0% used [0x00000000d5580000,0x00000000d5580000,0x00000000d5680000)
  from space 1536K, 79% used [0x00000000d5680000,0x00000000d57b0f10,0x00000000d5800000)
  to   space 1536K, 0% used [0x00000000d5800000,0x00000000d5800000,0x00000000d5980000)
 ParOldGen       total 418816K, used 418331K [0x0000000080000000, 0x0000000099900000, 0x00000000d5580000)
  object space 418816K, 99% used [0x0000000080000000,0x0000000099886e10,0x0000000099900000)
 Metaspace       used 63366K, committed 64768K, reserved 1114112K
  class space    used 6433K, committed 7040K, reserved 1048576K
}

Dll operation events (10 events):
Event: 0.019 Loaded shared library c:\Users\TumRoyal\.vscode\extensions\redhat.java-1.54.0-win32-x64\jre\21.0.10-win32-x86_64\bin\java.dll
Event: 0.050 Loaded shared library c:\Users\TumRoyal\.vscode\extensions\redhat.java-1.54.0-win32-x64\jre\21.0.10-win32-x86_64\bin\zip.dll
Event: 0.104 Loaded shared library C:\Users\TumRoyal\.vscode\extensions\redhat.java-1.54.0-win32-x64\jre\21.0.10-win32-x86_64\bin\instrument.dll
Event: 0.108 Loaded shared library C:\Users\TumRoyal\.vscode\extensions\redhat.java-1.54.0-win32-x64\jre\21.0.10-win32-x86_64\bin\net.dll
Event: 0.111 Loaded shared library C:\Users\TumRoyal\.vscode\extensions\redhat.java-1.54.0-win32-x64\jre\21.0.10-win32-x86_64\bin\nio.dll
Event: 0.116 Loaded shared library C:\Users\TumRoyal\.vscode\extensions\redhat.java-1.54.0-win32-x64\jre\21.0.10-win32-x86_64\bin\zip.dll
Event: 0.133 Loaded shared library C:\Users\TumRoyal\.vscode\extensions\redhat.java-1.54.0-win32-x64\jre\21.0.10-win32-x86_64\bin\jimage.dll
Event: 0.198 Loaded shared library c:\Users\TumRoyal\.vscode\extensions\redhat.java-1.54.0-win32-x64\jre\21.0.10-win32-x86_64\bin\verify.dll
Event: 15.925 Loaded shared library C:\Users\TumRoyal\AppData\Roaming\Code\User\globalStorage\redhat.java\1.54.0\config_win\org.eclipse.equinox.launcher\org.eclipse.equinox.launcher.win32.win32.x86_64_1.3.0.v20260203-2149\eclipse_11919.dll
Event: 31.605 Loaded shared library C:\Users\TumRoyal\AppData\Local\Temp\jna-30660731\jna9698383809868960895.dll

Deoptimization events (20 events):
Event: 40.321 Thread 0x000001881150ed80 DEOPT PACKING pc=0x00000187c19e7994 sp=0x0000008678efd0d0
Event: 40.321 Thread 0x000001881150ed80 DEOPT UNPACKING pc=0x00000187c12b3aa2 sp=0x0000008678efd068 mode 2
Event: 40.355 Thread 0x000001881150ed80 DEOPT PACKING pc=0x00000187baa1c526 sp=0x0000008678efcff0
Event: 40.355 Thread 0x000001881150ed80 DEOPT UNPACKING pc=0x00000187c12b4242 sp=0x0000008678efc608 mode 0
Event: 40.402 Thread 0x000001881150ed80 Uncommon trap: trap_request=0xffffffd6 fr.pc=0x00000187c2049068 relative=0x00000000000000c8
Event: 40.402 Thread 0x000001881150ed80 Uncommon trap: reason=array_check action=maybe_recompile pc=0x00000187c2049068 method=java.util.stream.Nodes$FixedNodeBuilder.accept(Ljava/lang/Object;)V @ 28 c2
Event: 40.402 Thread 0x000001881150ed80 DEOPT PACKING pc=0x00000187c2049068 sp=0x0000008678efae50
Event: 40.402 Thread 0x000001881150ed80 DEOPT UNPACKING pc=0x00000187c12b3aa2 sp=0x0000008678efadd0 mode 2
Event: 40.402 Thread 0x000001881150ed80 Uncommon trap: trap_request=0xffffffd6 fr.pc=0x00000187c2049068 relative=0x00000000000000c8
Event: 40.402 Thread 0x000001881150ed80 Uncommon trap: reason=array_check action=maybe_recompile pc=0x00000187c2049068 method=java.util.stream.Nodes$FixedNodeBuilder.accept(Ljava/lang/Object;)V @ 28 c2
Event: 40.402 Thread 0x000001881150ed80 DEOPT PACKING pc=0x00000187c2049068 sp=0x0000008678efae50
Event: 40.402 Thread 0x000001881150ed80 DEOPT UNPACKING pc=0x00000187c12b3aa2 sp=0x0000008678efadd0 mode 2
Event: 40.402 Thread 0x000001881150ed80 Uncommon trap: trap_request=0xffffffd6 fr.pc=0x00000187c2049068 relative=0x00000000000000c8
Event: 40.402 Thread 0x000001881150ed80 Uncommon trap: reason=array_check action=maybe_recompile pc=0x00000187c2049068 method=java.util.stream.Nodes$FixedNodeBuilder.accept(Ljava/lang/Object;)V @ 28 c2
Event: 40.402 Thread 0x000001881150ed80 DEOPT PACKING pc=0x00000187c2049068 sp=0x0000008678efae50
Event: 40.402 Thread 0x000001881150ed80 DEOPT UNPACKING pc=0x00000187c12b3aa2 sp=0x0000008678efadd0 mode 2
Event: 40.402 Thread 0x000001881150ed80 Uncommon trap: trap_request=0xffffffd6 fr.pc=0x00000187c2049068 relative=0x00000000000000c8
Event: 40.402 Thread 0x000001881150ed80 Uncommon trap: reason=array_check action=maybe_recompile pc=0x00000187c2049068 method=java.util.stream.Nodes$FixedNodeBuilder.accept(Ljava/lang/Object;)V @ 28 c2
Event: 40.402 Thread 0x000001881150ed80 DEOPT PACKING pc=0x00000187c2049068 sp=0x0000008678efae50
Event: 40.402 Thread 0x000001881150ed80 DEOPT UNPACKING pc=0x00000187c12b3aa2 sp=0x0000008678efadd0 mode 2

Classes loaded (20 events):
Event: 37.220 Loading class java/util/regex/Pattern$Pos
Event: 37.220 Loading class java/util/regex/Pattern$Pos done
Event: 37.264 Loading class sun/security/provider/MD5
Event: 37.264 Loading class sun/security/provider/MD5 done
Event: 37.264 Loading class sun/security/provider/ByteArrayAccess$LE
Event: 37.264 Loading class sun/security/provider/ByteArrayAccess$LE done
Event: 38.077 Loading class jdk/internal/math/FDBigInteger
Event: 38.078 Loading class jdk/internal/math/FDBigInteger done
Event: 38.132 Loading class java/lang/invoke/MethodHandleImpl$CountingWrapper$1
Event: 38.132 Loading class java/lang/invoke/MethodHandleImpl$CountingWrapper$1 done
Event: 38.380 Loading class java/util/WeakHashMap$KeyIterator
Event: 38.383 Loading class java/util/WeakHashMap$KeyIterator done
Event: 38.635 Loading class java/lang/StringLatin1$LinesSpliterator
Event: 38.635 Loading class java/lang/StringLatin1$LinesSpliterator done
Event: 39.205 Loading class jdk/internal/module/IllegalAccessLogger
Event: 39.205 Loading class jdk/internal/module/IllegalAccessLogger done
Event: 39.306 Loading class java/lang/StringUTF16$LinesSpliterator
Event: 39.306 Loading class java/lang/StringUTF16$LinesSpliterator done
Event: 40.032 Loading class jdk/internal/module/IllegalAccessLogger
Event: 40.032 Loading class jdk/internal/module/IllegalAccessLogger done

Classes unloaded (7 events):
Event: 32.882 Thread 0x00000187b6cbc8f0 Unloading class 0x00000187cf1ab000 'java/lang/invoke/LambdaForm$MH+0x00000187cf1ab000'
Event: 32.882 Thread 0x00000187b6cbc8f0 Unloading class 0x00000187cf1aac00 'java/lang/invoke/LambdaForm$MH+0x00000187cf1aac00'
Event: 32.882 Thread 0x00000187b6cbc8f0 Unloading class 0x00000187cf1aa800 'java/lang/invoke/LambdaForm$MH+0x00000187cf1aa800'
Event: 32.882 Thread 0x00000187b6cbc8f0 Unloading class 0x00000187cf1aa400 'java/lang/invoke/LambdaForm$MH+0x00000187cf1aa400'
Event: 32.882 Thread 0x00000187b6cbc8f0 Unloading class 0x00000187cf1aa000 'java/lang/invoke/LambdaForm$BMH+0x00000187cf1aa000'
Event: 32.882 Thread 0x00000187b6cbc8f0 Unloading class 0x00000187cf1a9c00 'java/lang/invoke/LambdaForm$DMH+0x00000187cf1a9c00'
Event: 32.882 Thread 0x00000187b6cbc8f0 Unloading class 0x00000187cf1a8c00 'java/lang/invoke/LambdaForm$DMH+0x00000187cf1a8c00'

Classes redefined (0 events):
No events

Internal exceptions (20 events):
Event: 38.221 Thread 0x0000018817b82e00 Exception <a 'sun/nio/fs/WindowsException'{0x00000000d56d6fb8}> (0x00000000d56d6fb8) 
thrown [s\src\hotspot\share\prims\jni.cpp, line 520]
Event: 38.222 Thread 0x0000018817b86280 Exception <a 'sun/nio/fs/WindowsException'{0x00000000d56dbe70}> (0x00000000d56dbe70) 
thrown [s\src\hotspot\share\prims\jni.cpp, line 520]
Event: 38.222 Thread 0x0000018817b84840 Exception <a 'sun/nio/fs/WindowsException'{0x00000000d56d2d20}> (0x00000000d56d2d20) 
thrown [s\src\hotspot\share\prims\jni.cpp, line 520]
Event: 38.222 Thread 0x0000018817b85560 Exception <a 'sun/nio/fs/WindowsException'{0x00000000d56d9920}> (0x00000000d56d9920) 
thrown [s\src\hotspot\share\prims\jni.cpp, line 520]
Event: 38.222 Thread 0x0000018817b841b0 Exception <a 'sun/nio/fs/WindowsException'{0x00000000d56db950}> (0x00000000d56db950) 
thrown [s\src\hotspot\share\prims\jni.cpp, line 520]
Event: 38.223 Thread 0x0000018817b7f980 Exception <a 'sun/nio/fs/WindowsException'{0x00000000d56ef148}> (0x00000000d56ef148) 
thrown [s\src\hotspot\share\prims\jni.cpp, line 520]
Event: 38.227 Thread 0x000001881150ed80 Exception <a 'sun/nio/fs/WindowsException'{0x00000000d558ba50}> (0x00000000d558ba50) 
thrown [s\src\hotspot\share\prims\jni.cpp, line 520]
Event: 38.451 Thread 0x000001881150ed80 Exception <a 'java/lang/NoSuchMethodError'{0x00000000d56cecd8}: 'java.lang.Object java.lang.invoke.DirectMethodHandle$Holder.invokeStatic(java.lang.Object, java.lang.Object, int, int)'> (0x00000000d56cecd8) 
thrown [s\src\hotspot\share\interpreter\linkResolver.cpp, line 773]
Event: 38.451 Thread 0x000001881150ed80 Exception <a 'java/lang/NoSuchMethodError'{0x00000000d5715ab8}: 'java.lang.Object java.lang.invoke.DirectMethodHandle$Holder.invokeSpecial(java.lang.Object, java.lang.Object, java.lang.Object, int, int)'> (0x00000000d5715ab8) 
thrown [s\src\hotspot\share\interpreter\linkResolver.cpp, line 773]
Event: 38.636 Thread 0x000001881150ed80 Exception <a 'java/lang/NoSuchMethodError'{0x00000000d5675590}: 'java.lang.Object java.lang.invoke.DirectMethodHandle$Holder.invokeStatic(java.lang.Object, int, java.lang.Object)'> (0x00000000d5675590) 
thrown [s\src\hotspot\share\interpreter\linkResolver.cpp, line 773]
Event: 38.845 Thread 0x000001881150ed80 Implicit null exception at 0x00000187c1a1bc4b to 0x00000187c1a1bdac
Event: 38.996 Thread 0x000001881150ed80 Implicit null exception at 0x00000187c1f220e3 to 0x00000187c1f22730
Event: 39.229 Thread 0x000001881a728270 Exception <a 'java/lang/NoSuchMethodError'{0x00000000d5650788}: 'void java.lang.invoke.DirectMethodHandle$Holder.invokeStatic(java.lang.Object, int, java.lang.Object)'> (0x00000000d5650788) 
thrown [s\src\hotspot\share\interpreter\linkResolver.cpp, line 773]
Event: 39.990 Thread 0x000001881150ed80 Exception <a 'sun/nio/fs/WindowsException'{0x00000000d5991c70}> (0x00000000d5991c70) 
thrown [s\src\hotspot\share\prims\jni.cpp, line 520]
Event: 39.990 Thread 0x0000018817b813c0 Exception <a 'sun/nio/fs/WindowsException'{0x00000000d5993780}> (0x00000000d5993780) 
thrown [s\src\hotspot\share\prims\jni.cpp, line 520]
Event: 39.990 Thread 0x0000018817b82770 Exception <a 'sun/nio/fs/WindowsException'{0x00000000d59957f8}> (0x00000000d59957f8) 
thrown [s\src\hotspot\share\prims\jni.cpp, line 520]
Event: 40.037 Thread 0x000001881150ed80 Exception <a 'sun/nio/fs/WindowsException'{0x00000000d5ba7010}> (0x00000000d5ba7010) 
thrown [s\src\hotspot\share\prims\jni.cpp, line 520]
Event: 40.037 Thread 0x000001881150ed80 Exception <a 'sun/nio/fs/WindowsException'{0x00000000d5ba7660}> (0x00000000d5ba7660) 
thrown [s\src\hotspot\share\prims\jni.cpp, line 520]
Event: 40.399 Thread 0x000001881150ed80 Exception <a 'java/lang/NoSuchMethodError'{0x00000000d55f4df8}: 'void java.lang.invoke.DirectMethodHandle$Holder.invokeStatic(java.lang.Object, java.lang.Object, java.lang.Object, int)'> (0x00000000d55f4df8) 
thrown [s\src\hotspot\share\interpreter\linkResolver.cpp, line 773]
Event: 40.410 Thread 0x000001881150ed80 Exception <a 'java/lang/NoSuchMethodError'{0x00000000d55bf608}: 'void java.lang.invoke.DirectMethodHandle$Holder.invokeVirtual(java.lang.Object, java.lang.Object, int)'> (0x00000000d55bf608) 
thrown [s\src\hotspot\share\interpreter\linkResolver.cpp, line 773]

ZGC Phase Switch (0 events):
No events

VM Operations (20 events):
Event: 40.377 Executing safepoint VM operation: ParallelGCFailedAllocation (Allocation Failure) done
Event: 40.385 Executing safepoint VM operation: ParallelGCFailedAllocation (Allocation Failure)
Event: 40.386 Executing safepoint VM operation: ParallelGCFailedAllocation (Allocation Failure) done
Event: 40.394 Executing safepoint VM operation: ParallelGCFailedAllocation (Allocation Failure)
Event: 40.395 Executing safepoint VM operation: ParallelGCFailedAllocation (Allocation Failure) done
Event: 40.405 Executing safepoint VM operation: ParallelGCFailedAllocation (Allocation Failure)
Event: 40.406 Executing safepoint VM operation: ParallelGCFailedAllocation (Allocation Failure) done
Event: 40.416 Executing safepoint VM operation: ParallelGCFailedAllocation (Allocation Failure)
Event: 40.418 Executing safepoint VM operation: ParallelGCFailedAllocation (Allocation Failure) done
Event: 40.424 Executing safepoint VM operation: ParallelGCFailedAllocation (Allocation Failure)
Event: 40.425 Executing safepoint VM operation: ParallelGCFailedAllocation (Allocation Failure) done
Event: 40.428 Executing safepoint VM operation: ParallelGCFailedAllocation (Allocation Failure)
Event: 40.429 Executing safepoint VM operation: ParallelGCFailedAllocation (Allocation Failure) done
Event: 40.462 Executing safepoint VM operation: ParallelGCFailedAllocation (Allocation Failure)
Event: 40.463 Executing safepoint VM operation: ParallelGCFailedAllocation (Allocation Failure) done
Event: 40.498 Executing safepoint VM operation: ParallelGCFailedAllocation (Allocation Failure)
Event: 40.500 Executing safepoint VM operation: ParallelGCFailedAllocation (Allocation Failure) done
Event: 40.515 Executing safepoint VM operation: ParallelGCFailedAllocation (Allocation Failure)
Event: 40.518 Executing safepoint VM operation: ParallelGCFailedAllocation (Allocation Failure) done
Event: 40.528 Executing safepoint VM operation: ParallelGCFailedAllocation (Allocation Failure)

Memory protections (0 events):
No events

Nmethod flushes (20 events):
Event: 37.660 Thread 0x00000187b6cbc8f0 flushing  nmethod 0x00000187ba80a190
Event: 37.660 Thread 0x00000187b6cbc8f0 flushing  nmethod 0x00000187ba827a10
Event: 37.660 Thread 0x00000187b6cbc8f0 flushing  nmethod 0x00000187ba828390
Event: 37.660 Thread 0x00000187b6cbc8f0 flushing  nmethod 0x00000187ba829910
Event: 37.660 Thread 0x00000187b6cbc8f0 flushing  nmethod 0x00000187ba847010
Event: 37.660 Thread 0x00000187b6cbc8f0 flushing  nmethod 0x00000187ba8d3d10
Event: 37.660 Thread 0x00000187b6cbc8f0 flushing  nmethod 0x00000187ba8e3d10
Event: 37.660 Thread 0x00000187b6cbc8f0 flushing  nmethod 0x00000187ba8e4b90
Event: 37.660 Thread 0x00000187b6cbc8f0 flushing  nmethod 0x00000187ba8e5110
Event: 37.660 Thread 0x00000187b6cbc8f0 flushing  nmethod 0x00000187ba8e7c10
Event: 37.660 Thread 0x00000187b6cbc8f0 flushing  nmethod 0x00000187ba8ea910
Event: 37.660 Thread 0x00000187b6cbc8f0 flushing  nmethod 0x00000187ba8f1510
Event: 37.660 Thread 0x00000187b6cbc8f0 flushing  nmethod 0x00000187ba90d190
Event: 37.660 Thread 0x00000187b6cbc8f0 flushing  nmethod 0x00000187ba916c90
Event: 37.660 Thread 0x00000187b6cbc8f0 flushing  nmethod 0x00000187ba930290
Event: 37.660 Thread 0x00000187b6cbc8f0 flushing  nmethod 0x00000187ba935f10
Event: 37.660 Thread 0x00000187b6cbc8f0 flushing  nmethod 0x00000187ba936b10
Event: 37.660 Thread 0x00000187b6cbc8f0 flushing  nmethod 0x00000187ba936f90
Event: 37.660 Thread 0x00000187b6cbc8f0 flushing  nmethod 0x00000187ba939490
Event: 37.660 Thread 0x00000187b6cbc8f0 flushing  nmethod 0x00000187ba9a9490

Events (20 events):
Event: 35.470 Thread 0x000001881150ed80 Thread added: 0x000001881872e600
Event: 35.471 Thread 0x000001881150ed80 Thread added: 0x000001881872d8e0
Event: 35.471 Thread 0x000001881150ed80 Thread added: 0x000001881872b810
Event: 35.471 Thread 0x000001881150ed80 Thread added: 0x000001881872d250
Event: 35.472 Thread 0x000001881150ed80 Thread added: 0x000001881872f9b0
Event: 36.768 Thread 0x000001881150ed80 Thread added: 0x000001881a728270
Event: 36.883 Thread 0x000001881150ed80 Thread added: 0x000001881a7261a0
Event: 36.896 Thread 0x000001881150ed80 Thread added: 0x000001881a727be0
Event: 36.897 Thread 0x000001881150ed80 Thread added: 0x000001881a728f90
Event: 36.897 Thread 0x000001881150ed80 Thread added: 0x000001881a728900
Event: 36.897 Thread 0x000001881150ed80 Thread added: 0x000001881a729620
Event: 36.898 Thread 0x000001881150ed80 Thread added: 0x000001881a729cb0
Event: 36.910 Thread 0x000001881150ed80 Thread added: 0x000001881a726ec0
Event: 36.910 Thread 0x000001881150ed80 Thread added: 0x000001881a72a340
Event: 36.911 Thread 0x000001881150ed80 Thread added: 0x000001881a72a9d0
Event: 36.911 Thread 0x000001881150ed80 Thread added: 0x000001881a727550
Event: 36.915 Thread 0x000001881150ed80 Thread added: 0x000001881a72b060
Event: 36.915 Thread 0x000001881150ed80 Thread added: 0x000001881a72b6f0
Event: 36.919 Thread 0x000001881150ed80 Thread added: 0x000001881a72bd80
Event: 36.920 Thread 0x000001881150ed80 Thread added: 0x000001881a72c410


Dynamic libraries:
0x00007ff6a8d60000 - 0x00007ff6a8d6e000 	c:\Users\TumRoyal\.vscode\extensions\redhat.java-1.54.0-win32-x64\jre\21.0.10-win32-x86_64\bin\java.exe
0x00007ffe447c0000 - 0x00007ffe44a27000 	C:\WINDOWS\SYSTEM32\ntdll.dll
0x00007ffe427f0000 - 0x00007ffe428b9000 	C:\WINDOWS\System32\KERNEL32.DLL
0x00007ffe42090000 - 0x00007ffe42484000 	C:\WINDOWS\System32\KERNELBASE.dll
0x00007ffe3e150000 - 0x00007ffe3e1ef000 	C:\WINDOWS\SYSTEM32\apphelp.dll
0x00007ffe41090000 - 0x00007ffe411db000 	C:\WINDOWS\System32\ucrtbase.dll
0x00007ffe1d000000 - 0x00007ffe1d018000 	c:\Users\TumRoyal\.vscode\extensions\redhat.java-1.54.0-win32-x64\jre\21.0.10-win32-x86_64\bin\jli.dll
0x00007ffe1d3c0000 - 0x00007ffe1d3de000 	c:\Users\TumRoyal\.vscode\extensions\redhat.java-1.54.0-win32-x64\jre\21.0.10-win32-x86_64\bin\VCRUNTIME140.dll
0x00007ffe444f0000 - 0x00007ffe446b5000 	C:\WINDOWS\System32\USER32.dll
0x00007ffe42060000 - 0x00007ffe42087000 	C:\WINDOWS\System32\win32u.dll
0x00007ffe446c0000 - 0x00007ffe446eb000 	C:\WINDOWS\System32\GDI32.dll
0x00007ffe26750000 - 0x00007ffe269e3000 	C:\WINDOWS\WinSxS\amd64_microsoft.windows.common-controls_6595b64144ccf1df_6.0.26100.8115_none_3e075c82e3354f9c\COMCTL32.dll
0x00007ffe41360000 - 0x00007ffe4148b000 	C:\WINDOWS\System32\gdi32full.dll
0x00007ffe43240000 - 0x00007ffe432e9000 	C:\WINDOWS\System32\msvcrt.dll
0x00007ffe41d00000 - 0x00007ffe41da3000 	C:\WINDOWS\System32\msvcp_win.dll
0x00007ffe43b40000 - 0x00007ffe43b72000 	C:\WINDOWS\System32\IMM32.DLL
0x00007ffe239b0000 - 0x00007ffe239bc000 	c:\Users\TumRoyal\.vscode\extensions\redhat.java-1.54.0-win32-x64\jre\21.0.10-win32-x86_64\bin\vcruntime140_1.dll
0x00007ffde9f40000 - 0x00007ffde9fcd000 	c:\Users\TumRoyal\.vscode\extensions\redhat.java-1.54.0-win32-x64\jre\21.0.10-win32-x86_64\bin\msvcp140.dll
0x00007ffd799e0000 - 0x00007ffd7a781000 	c:\Users\TumRoyal\.vscode\extensions\redhat.java-1.54.0-win32-x64\jre\21.0.10-win32-x86_64\bin\server\jvm.dll
0x00007ffe43c40000 - 0x00007ffe43cf6000 	C:\WINDOWS\System32\ADVAPI32.dll
0x00007ffe43d00000 - 0x00007ffe43da7000 	C:\WINDOWS\System32\sechost.dll
0x00007ffe429b0000 - 0x00007ffe42ac8000 	C:\WINDOWS\System32\RPCRT4.dll
0x00007ffe43f10000 - 0x00007ffe43f90000 	C:\WINDOWS\System32\WS2_32.dll
0x00007ffe36bd0000 - 0x00007ffe36c06000 	C:\WINDOWS\SYSTEM32\WINMM.dll
0x00007ffe40ef0000 - 0x00007ffe40f4e000 	C:\WINDOWS\SYSTEM32\POWRPROF.dll
0x00007ffe2cb40000 - 0x00007ffe2cb4b000 	C:\WINDOWS\SYSTEM32\VERSION.dll
0x00007ffe40ed0000 - 0x00007ffe40ee4000 	C:\WINDOWS\SYSTEM32\UMPDC.dll
0x00007ffe3fe20000 - 0x00007ffe3fe3b000 	C:\WINDOWS\SYSTEM32\kernel.appcore.dll
0x00007ffe23960000 - 0x00007ffe2396a000 	c:\Users\TumRoyal\.vscode\extensions\redhat.java-1.54.0-win32-x64\jre\21.0.10-win32-x86_64\bin\jimage.dll
0x00007ffe3ec30000 - 0x00007ffe3ee72000 	C:\WINDOWS\SYSTEM32\DBGHELP.DLL
0x00007ffe435a0000 - 0x00007ffe43922000 	C:\WINDOWS\System32\combase.dll
0x00007ffe434c0000 - 0x00007ffe43598000 	C:\WINDOWS\System32\OLEAUT32.dll
0x00007ffe21ec0000 - 0x00007ffe21efb000 	C:\WINDOWS\SYSTEM32\dbgcore.DLL
0x00007ffe41f20000 - 0x00007ffe41fc5000 	C:\WINDOWS\System32\bcryptPrimitives.dll
0x00007ffe2eb20000 - 0x00007ffe2eb2f000 	c:\Users\TumRoyal\.vscode\extensions\redhat.java-1.54.0-win32-x64\jre\21.0.10-win32-x86_64\bin\instrument.dll
0x00007ffe1cf90000 - 0x00007ffe1cfb0000 	c:\Users\TumRoyal\.vscode\extensions\redhat.java-1.54.0-win32-x64\jre\21.0.10-win32-x86_64\bin\java.dll
0x00007ffe42ad0000 - 0x00007ffe43237000 	C:\WINDOWS\System32\SHELL32.dll
0x00007ffe41db0000 - 0x00007ffe41f1a000 	C:\WINDOWS\System32\wintypes.dll
0x00007ffe41490000 - 0x00007ffe41cf8000 	C:\WINDOWS\System32\windows.storage.dll
0x00007ffe432f0000 - 0x00007ffe433e8000 	C:\WINDOWS\System32\SHCORE.dll
0x00007ffe44700000 - 0x00007ffe44766000 	C:\WINDOWS\System32\shlwapi.dll
0x00007ffe40fb0000 - 0x00007ffe40fd9000 	C:\WINDOWS\SYSTEM32\profapi.dll
0x00007ffe1cf20000 - 0x00007ffe1cf38000 	c:\Users\TumRoyal\.vscode\extensions\redhat.java-1.54.0-win32-x64\jre\21.0.10-win32-x86_64\bin\zip.dll
0x00007ffe22740000 - 0x00007ffe22750000 	C:\Users\TumRoyal\.vscode\extensions\redhat.java-1.54.0-win32-x64\jre\21.0.10-win32-x86_64\bin\net.dll
0x00007ffe3aa00000 - 0x00007ffe3ab2d000 	C:\WINDOWS\SYSTEM32\WINHTTP.dll
0x00007ffe40390000 - 0x00007ffe403fc000 	C:\WINDOWS\system32\mswsock.dll
0x00007ffe1cd20000 - 0x00007ffe1cd36000 	C:\Users\TumRoyal\.vscode\extensions\redhat.java-1.54.0-win32-x64\jre\21.0.10-win32-x86_64\bin\nio.dll
0x00007ffe27260000 - 0x00007ffe27270000 	c:\Users\TumRoyal\.vscode\extensions\redhat.java-1.54.0-win32-x64\jre\21.0.10-win32-x86_64\bin\verify.dll
0x00007ffe1ad90000 - 0x00007ffe1add5000 	C:\Users\TumRoyal\AppData\Roaming\Code\User\globalStorage\redhat.java\1.54.0\config_win\org.eclipse.equinox.launcher\org.eclipse.equinox.launcher.win32.win32.x86_64_1.3.0.v20260203-2149\eclipse_11919.dll
0x00007ffe42650000 - 0x00007ffe427e7000 	C:\WINDOWS\System32\ole32.dll
0x00007ffe40670000 - 0x00007ffe4068b000 	C:\WINDOWS\SYSTEM32\CRYPTSP.dll
0x00007ffe3fd80000 - 0x00007ffe3fdb9000 	C:\WINDOWS\system32\rsaenh.dll
0x00007ffe40440000 - 0x00007ffe40473000 	C:\WINDOWS\SYSTEM32\USERENV.dll
0x00007ffe40f80000 - 0x00007ffe40faa000 	C:\WINDOWS\SYSTEM32\bcrypt.dll
0x00007ffe40690000 - 0x00007ffe4069c000 	C:\WINDOWS\SYSTEM32\CRYPTBASE.dll
0x00007ffe3f800000 - 0x00007ffe3f832000 	C:\WINDOWS\SYSTEM32\IPHLPAPI.DLL
0x00007ffe43c30000 - 0x00007ffe43c3a000 	C:\WINDOWS\System32\NSI.dll
0x00007ffe1d100000 - 0x00007ffe1d149000 	C:\Users\TumRoyal\AppData\Local\Temp\jna-30660731\jna9698383809868960895.dll
0x00007ffe43ba0000 - 0x00007ffe43ba8000 	C:\WINDOWS\System32\PSAPI.DLL
0x00007ffe3af10000 - 0x00007ffe3af2d000 	C:\WINDOWS\SYSTEM32\dhcpcsvc6.DLL
0x00007ffe3aee0000 - 0x00007ffe3af05000 	C:\WINDOWS\SYSTEM32\dhcpcsvc.DLL

JVMTI agents:
c:\Users\TumRoyal\.vscode\extensions\redhat.java-1.54.0-win32-x64\lombok\lombok-1.18.39-4050.jar path:c:\Users\TumRoyal\.vscode\extensions\redhat.java-1.54.0-win32-x64\jre\21.0.10-win32-x86_64\bin\instrument.dll, loaded, initialized, instrumentlib options:none

dbghelp: loaded successfully - version: 4.0.5 - missing functions: none
symbol engine: initialized successfully - sym options: 0x614 - pdb path: .;c:\Users\TumRoyal\.vscode\extensions\redhat.java-1.54.0-win32-x64\jre\21.0.10-win32-x86_64\bin;C:\WINDOWS\SYSTEM32;C:\WINDOWS\WinSxS\amd64_microsoft.windows.common-controls_6595b64144ccf1df_6.0.26100.8115_none_3e075c82e3354f9c;c:\Users\TumRoyal\.vscode\extensions\redhat.java-1.54.0-win32-x64\jre\21.0.10-win32-x86_64\bin\server;C:\Users\TumRoyal\AppData\Roaming\Code\User\globalStorage\redhat.java\1.54.0\config_win\org.eclipse.equinox.launcher\org.eclipse.equinox.launcher.win32.win32.x86_64_1.3.0.v20260203-2149;C:\Users\TumRoyal\AppData\Local\Temp\jna-30660731

VM Arguments:
jvm_args: --add-modules=ALL-SYSTEM --add-opens=java.base/java.util=ALL-UNNAMED --add-opens=java.base/java.lang=ALL-UNNAMED --add-opens=java.base/sun.nio.fs=ALL-UNNAMED -Declipse.application=org.eclipse.jdt.ls.core.id1 -Dosgi.bundles.defaultStartLevel=4 -Declipse.product=org.eclipse.jdt.ls.core.product -Djava.import.generatesMetadataFilesAtProjectRoot=false -DDetectVMInstallationsJob.disabled=true -Dfile.encoding=utf8 -XX:+UseParallelGC -XX:GCTimeRatio=4 -XX:AdaptiveSizePolicyWeight=90 -Dsun.zip.disableMemoryMapping=true -Xmx2G -Xms100m -Xlog:disable -javaagent:c:\Users\TumRoyal\.vscode\extensions\redhat.java-1.54.0-win32-x64\lombok\lombok-1.18.39-4050.jar -XX:+HeapDumpOnOutOfMemoryError -XX:HeapDumpPath=c:\Users\TumRoyal\AppData\Roaming\Code\User\workspaceStorage\a1d5025e39fe0c65064b7965ae598c61\redhat.java -Daether.dependencyCollector.impl=bf 
java_command: c:\Users\TumRoyal\.vscode\extensions\redhat.java-1.54.0-win32-x64\server\plugins\org.eclipse.equinox.launcher_1.7.100.v20251111-0406.jar -configuration c:\Users\TumRoyal\AppData\Roaming\Code\User\globalStorage\redhat.java\1.54.0\config_win -data c:\Users\TumRoyal\AppData\Roaming\Code\User\workspaceStorage\a1d5025e39fe0c65064b7965ae598c61\redhat.java\jdt_ws --pipe=\\.\pipe\lsp-a798ada2440d8d9560df3967d39fb8c9-sock
java_class_path (initial): c:\Users\TumRoyal\.vscode\extensions\redhat.java-1.54.0-win32-x64\server\plugins\org.eclipse.equinox.launcher_1.7.100.v20251111-0406.jar
Launcher Type: SUN_STANDARD

[Global flags]
    uintx AdaptiveSizePolicyWeight                 = 90                                        {product} {command line}
     intx CICompilerCount                          = 12                                        {product} {ergonomic}
    uintx GCTimeRatio                              = 4                                         {product} {command line}
     bool HeapDumpOnOutOfMemoryError               = true                                   {manageable} {command line}
    ccstr HeapDumpPath                             = c:\Users\TumRoyal\AppData\Roaming\Code\User\workspaceStorage\a1d5025e39fe0c65064b7965ae598c61\redhat.java         {manageable} {command line}
   size_t InitialHeapSize                          = 104857600                                 {product} {command line}
   size_t MaxHeapSize                              = 2147483648                                {product} {command line}
   size_t MaxNewSize                               = 715653120                                 {product} {ergonomic}
   size_t MinHeapDeltaBytes                        = 524288                                    {product} {ergonomic}
   size_t MinHeapSize                              = 104857600                                 {product} {command line}
   size_t NewSize                                  = 34603008                                  {product} {ergonomic}
    uintx NonNMethodCodeHeapSize                   = 7602480                                {pd product} {ergonomic}
    uintx NonProfiledCodeHeapSize                  = 122027880                              {pd product} {ergonomic}
   size_t OldSize                                  = 70254592                                  {product} {ergonomic}
    uintx ProfiledCodeHeapSize                     = 122027880                              {pd product} {ergonomic}
    uintx ReservedCodeCacheSize                    = 251658240                              {pd product} {ergonomic}
     bool SegmentedCodeCache                       = true                                      {product} {ergonomic}
   size_t SoftMaxHeapSize                          = 2147483648                             {manageable} {ergonomic}
     bool UseCompressedOops                        = true                           {product lp64_product} {ergonomic}
     bool UseLargePagesIndividualAllocation        = false                                  {pd product} {ergonomic}
     bool UseParallelGC                            = true                                      {product} {command line}

Logging:
Log output configuration:
 #0: stdout all=off uptime,level,tags foldmultilines=false
 #1: stderr all=off uptime,level,tags foldmultilines=false

Release file:
JAVA_VERSION="21.0.10" 
MODULES="java.base java.compiler java.datatransfer java.xml java.prefs java.desktop java.instrument java.logging java.management java.security.sasl java.naming java.rmi java.management.rmi java.net.http java.scripting java.security.jgss java.transaction.xa java.sql java.sql.rowset java.xml.crypto java.se java.smartcardio jdk.accessibility jdk.internal.jvmstat jdk.attach jdk.charsets jdk.internal.opt jdk.zipfs jdk.compiler jdk.crypto.ec jdk.crypto.cryptoki jdk.crypto.mscapi jdk.dynalink jdk.internal.ed jdk.editpad jdk.hotspot.agent jdk.httpserver jdk.internal.le jdk.internal.vm.ci jdk.internal.vm.compiler jdk.internal.vm.compiler.management jdk.jartool jdk.javadoc jdk.jcmd jdk.management jdk.management.agent jdk.jconsole jdk.jdeps jdk.jdwp.agent jdk.jdi jdk.jfr jdk.jshell jdk.jsobject jdk.jstatd jdk.localedata jdk.management.jfr jdk.naming.dns jdk.naming.rmi jdk.net jdk.nio.mapmode jdk.random jdk.sctp jdk.security.auth jdk.security.jgss jdk.unsupported jdk.unsupported.desktop jdk.xml.dom" 

Environment Variables:
JAVA_HOME=C:\Program Files\Java\jdk-21.0.10
PATH=C:\Users\TumRoyal\AppData\Local\Programs\Microsoft VS Code;C:\Program Files\Common Files\Oracle\Java\javapath;C:\WINDOWS\system32;C:\WINDOWS;C:\WINDOWS\System32\Wbem;C:\WINDOWS\System32\WindowsPowerShell\v1.0\;C:\WINDOWS\System32\OpenSSH\;C:\Users\TumRoyal\AppData\Local\Programs\Python\Python314;C:\Users\TumRoyal\AppData\Local\Programs\Python\Python314\python.exe;C:\Program Files\nodejs\;C:\Program Files\Docker\Docker\resources\bin;C:\Program Files\MySQL\MySQL Shell 8.0\bin\;C:\Users\TumRoyal\AppData\Local\Programs\Python\Launcher\;C:\Users\TumRoyal\AppData\Local\Microsoft\WindowsApps;C:\Users\TumRoyal\AppData\Local\Programs\Microsoft VS Code\bin;C:\Users\TumRoyal\AppData\Local\GitHubDesktop\bin;C:\Program Files\JetBrains\IntelliJ IDEA 2025.3.4\bin;C:\Users\TumRoyal\AppData\Roaming\npm
USERNAME=TumRoyal
OS=Windows_NT
PROCESSOR_IDENTIFIER=Intel64 Family 6 Model 154 Stepping 3, GenuineIntel
TMP=C:\Users\TumRoyal\AppData\Local\Temp
TEMP=C:\Users\TumRoyal\AppData\Local\Temp




Periodic native trim disabled

---------------  S Y S T E M  ---------------

OS:
 Windows 11 , 64 bit Build 26100 (10.0.26100.8246)
OS uptime: 13 days 23:40 hours
Hyper-V role detected

CPU: total 16 (initial active 16) (8 cores per cpu, 2 threads per core) family 6 model 154 stepping 3 microcode 0x42c, cx8, cmov, fxsr, ht, mmx, 3dnowpref, sse, sse2, sse3, ssse3, sse4.1, sse4.2, popcnt, lzcnt, tsc, tscinvbit, avx, avx2, aes, erms, clmul, bmi1, bmi2, adx, sha, fma, vzeroupper, clflush, clflushopt, clwb, hv, serialize, rdtscp, rdpid, fsrm, f16c, cet_ibt, cet_ss
Processor Information for processor 0
  Max Mhz: 2100, Current Mhz: 2100, Mhz Limit: 2100
Processor Information for processor 1
  Max Mhz: 2100, Current Mhz: 2100, Mhz Limit: 2100
Processor Information for processor 2
  Max Mhz: 2100, Current Mhz: 2100, Mhz Limit: 2100
Processor Information for processor 3
  Max Mhz: 2100, Current Mhz: 2100, Mhz Limit: 2100
Processor Information for processor 4
  Max Mhz: 2100, Current Mhz: 2100, Mhz Limit: 2100
Processor Information for processor 5
  Max Mhz: 2100, Current Mhz: 2100, Mhz Limit: 2100
Processor Information for processor 6
  Max Mhz: 2100, Current Mhz: 2100, Mhz Limit: 2100
Processor Information for processor 7
  Max Mhz: 2100, Current Mhz: 2100, Mhz Limit: 2100
Processor Information for processor 8
  Max Mhz: 2100, Current Mhz: 1500, Mhz Limit: 1491
Processor Information for processor 9
  Max Mhz: 2100, Current Mhz: 1500, Mhz Limit: 1491
Processor Information for processor 10
  Max Mhz: 2100, Current Mhz: 1500, Mhz Limit: 1491
Processor Information for processor 11
  Max Mhz: 2100, Current Mhz: 1500, Mhz Limit: 1491
Processor Information for processor 12
  Max Mhz: 2100, Current Mhz: 1500, Mhz Limit: 1491
Processor Information for processor 13
  Max Mhz: 2100, Current Mhz: 1500, Mhz Limit: 1491
Processor Information for processor 14
  Max Mhz: 2100, Current Mhz: 1500, Mhz Limit: 1491
Processor Information for processor 15
  Max Mhz: 2100, Current Mhz: 1500, Mhz Limit: 1491

Memory: 4k page, system-wide physical 16109M (422M free)
TotalPageFile size 44264M (AvailPageFile size 2M)
current process WorkingSet (physical memory assigned to process): 816M, peak: 820M
current process commit charge ("private bytes"): 781M, peak: 782M

vm_info: OpenJDK 64-Bit Server VM (21.0.10+7-LTS) for windows-amd64 JRE (21.0.10+7-LTS), built on 2026-01-20T00:00:00Z by "admin" with MS VC++ 17.12 (VS2022)

END.
